0 L 0 437 1
0 L 0 479 1
0 D 344 437 1
0 D 344 479 1
1 L 0 690 1
1 L 0 787 1
1 D 344 690 1
1 D 344 787 1
2 L 0 996 1
2 L 0 1395 1
2 L 0 1645 1
2 D 344 996 1
2 D 344 1395 1
2 D 344 1645 1
3 L 0 1803 1
3 D 344 1803 1
4 L 0 250 1
4 L 0 455 1
4 L 0 739 1
4 D 526 250 1
4 D 526 455 1
4 D 526 739 1
5 L 0 788 1
5 L 0 816 1
5 D 526 788 1
5 D 526 816 1
6 L 0 1062 1
6 L 0 1185 1
6 D 526 1062 1
6 D 526 1185 1
7 L 0 129 1
7 L 0 157 1
7 L 0 517 1
7 D 809 129 1
7 D 809 157 1
7 D 809 517 1
8 L 0 552 1
8 L 0 649 1
8 D 809 552 1
8 D 809 649 1
9 L 0 750 1
9 L 0 802 1
9 D 809 750 1
9 D 809 802 1
10 L 2 903 1
10 L 0 971 1
10 D 809 903 1
10 D 809 971 1
11 L 0 1042 1
11 L 0 1420 1
11 L 0 1457 1
11 L 0 1624 1
11 D 809 1042 1
11 D 809 1420 1
11 D 809 1457 1
11 D 809 1624 1
12 L 0 1625 1
12 L 0 1764 1
12 D 809 1625 1
12 D 809 1764 1
13 L 0 1803 1
13 L 0 1915 1
13 D 809 1803 1
13 D 809 1915 1
14 L 0 68 1
14 L 0 109 1
14 L 0 151 1
14 L 0 477 1
14 D 915 68 1
14 D 915 109 1
14 D 915 151 1
14 D 915 477 1
15 L 0 490 1
15 L 0 601 1
15 L 0 780 1
15 L 0 959 1
15 D 915 490 1
15 D 915 601 1
15 D 915 780 1
15 D 915 959 1
16 L 0 1048 1
16 L 0 1265 1
16 L 0 1580 1
16 D 915 1048 1
16 D 915 1265 1
16 D 915 1580 1
17 L 0 362 1
17 L 0 419 1
17 D 121 362 1
17 D 121 419 1
18 L 0 590 1
18 L 0 750 1
18 D 121 590 1
18 D 121 750 1
19 L 0 789 1
19 D 121 789 1
20 L 0 8 1
20 L 0 454 1
20 L 0 459 1
20 L 0 899 1
20 D 366 8 1
20 D 366 454 1
20 D 366 459 1
20 D 366 899 1
21 L 0 1482 1
21 L 0 1648 1
21 L 0 1837 1
21 D 366 1482 1
21 D 366 1648 1
21 D 366 1837 1
22 L 0 1106 1
22 L 0 1598 1
22 L 0 1643 1
22 D 507 1106 1
22 D 507 1598 1
22 D 507 1643 1
23 L 0 1738 1
23 D 507 1738 1
24 L 0 52 1
24 L 0 66 1
24 D 542 52 1
24 D 542 66 1
25 L 0 99 1
25 L 0 371 1
25 D 542 99 1
25 D 542 371 1
26 L 0 624 1
26 L 0 1159 1
26 D 542 624 1
26 D 542 1159 1
27 L 0 1243 1
27 L 0 1279 1
27 L 0 1289 1
27 D 542 1243 1
27 D 542 1279 1
27 D 542 1289 1
28 L 0 1523 1
28 L 0 1854 1
28 L 0 1881 1
28 D 542 1523 1
28 D 542 1854 1
28 D 542 1881 1
29 L 0 71 1
29 L 0 136 1
29 D 739 71 1
29 D 739 136 1
0 L 0 323 1
0 L 0 688 1
0 D 739 323 1
0 D 739 688 1
1 L 0 1558 1
1 L 0 1649 1
1 L 1 1766 1
1 D 739 1558 1
1 D 739 1649 1
1 D 739 1766 1
2 L 0 647 1
2 L 0 1348 1
2 D 849 647 1
2 D 849 1348 1
3 L 0 158 1
3 L 0 182 1
3 L 0 193 1
3 L 0 221 1
3 D 864 158 1
3 D 864 182 1
3 D 864 193 1
3 D 864 221 1
4 L 0 492 1
4 L 0 513 1
4 L 0 688 1
4 D 864 492 1
4 D 864 513 1
4 D 864 688 1
5 L 0 773 1
5 L 0 1002 1
5 L 2 1194 1
5 D 864 773 1
5 D 864 1002 1
5 D 864 1194 1
6 L 0 1211 1
6 L 1 1356 1
6 D 864 1211 1
6 D 864 1356 1
7 L 0 1436 1
7 D 864 1436 1
8 L 0 1690 1
8 L 0 1973 1
8 D 864 1690 1
8 D 864 1973 1
9 L 0 761 1
9 L 0 835 1
9 L 0 849 1
9 D 974 761 1
9 D 974 835 1
9 D 974 849 1
10 L 0 1140 1
10 L 0 1199 1
10 L 0 1370 1
10 D 974 1140 1
10 D 974 1199 1
10 D 974 1370 1
11 L 0 1638 1
11 D 974 1638 1
12 L 0 54 1
12 L 0 453 1
12 L 0 794 1
12 D 77 54 1
12 D 77 453 1
12 D 77 794 1
13 L 0 1451 1
13 D 77 1451 1
14 L 0 552 1
14 L 0 1270 1
14 L 0 1345 1
14 D 255 552 1
14 D 255 1270 1
14 D 255 1345 1
15 L 0 238 1
15 L 0 346 1
15 D 276 238 1
15 D 276 346 1
16 L 0 736 1
16 L 0 929 1
16 D 276 736 1
16 D 276 929 1
17 L 0 1484 1
17 D 276 1484 1
18 L 0 78 1
18 L 0 211 1
18 L 0 238 1
18 L 0 300 1
18 D 384 78 1
18 D 384 211 1
18 D 384 238 1
18 D 384 300 1
19 L 0 656 1
19 L 0 694 1
19 L 0 779 1
19 D 384 656 1
19 D 384 694 1
19 D 384 779 1
20 L 0 1324 1
20 L 0 1434 1
20 L 0 1513 1
20 D 384 1324 1
20 D 384 1434 1
20 D 384 1513 1
21 L 0 1637 1
21 D 384 1637 1
22 L 1 1685 1
22 D 384 1685 1
23 L 0 1737 1
23 D 384 1737 1
24 L 0 1794 1
24 L 0 1958 1
24 D 384 1794 1
24 D 384 1958 1
25 L 0 10 1
25 L 0 257 1
25 D 701 10 1
25 D 701 257 1
26 L 0 433 1
26 L 0 444 1
26 L 0 526 1
26 D 701 433 1
26 D 701 444 1
26 D 701 526 1
27 L 0 684 1
27 L 0 769 1
27 L 0 789 1
27 L 0 992 1
27 D 701 684 1
27 D 701 769 1
27 D 701 789 1
27 D 701 992 1
28 L 0 1317 1
28 L 0 1492 1
28 D 701 1317 1
28 D 701 1492 1
29 L 0 1549 1
29 L 0 1776 1
29 D 701 1549 1
29 D 701 1776 1
0 L 1 1777 1
0 L 0 1799 1
0 L 0 1919 1
0 L 0 1922 1
0 D 701 1777 1
0 D 701 1799 1
0 D 701 1919 1
0 D 701 1922 1
1 L 0 1943 1
1 D 701 1943 1
2 L 0 127 1
2 D 738 127 1
3 L 0 409 1
3 L 0 446 1
3 L 0 610 1
3 D 738 409 1
3 D 738 446 1
3 D 738 610 1
4 L 0 772 1
4 L 0 932 1
4 L 0 947 1
4 L 0 962 1
4 D 738 772 1
4 D 738 932 1
4 D 738 947 1
4 D 738 962 1
5 L 0 988 2
5 D 738 988 2
6 L 0 1073 1
6 L 0 1300 1
6 D 738 1073 1
6 D 738 1300 1
7 L 0 1321 1
7 L 0 1699 1
7 L 0 1846 1
7 D 738 1321 1
7 D 738 1699 1
7 D 738 1846 1
8 L 0 1860 1
8 L 0 1867 1
8 D 738 1860 1
8 D 738 1867 1
9 L 0 428 1
9 L 0 650 1
9 D 828 428 1
9 D 828 650 1
10 L 0 1633 1
10 L 0 1712 1
10 L 0 1714 1
10 L 0 1719 1
10 D 828 1633 1
10 D 828 1712 1
10 D 828 1714 1
10 D 828 1719 1
11 L 0 409 1
11 L 1 723 1
11 L 0 1717 1
11 D 17 409 1
11 D 17 723 1
11 D 17 1717 1
12 L 0 1832 1
12 D 17 1832 1
13 L 0 183 1
13 L 0 370 1
13 L 0 383 1
13 L 0 384 1
13 D 46 183 1
13 D 46 370 1
13 D 46 383 1
13 D 46 384 1
14 L 0 1191 1
14 L 0 1280 1
14 L 0 1342 1
14 D 46 1191 1
14 D 46 1280 1
14 D 46 1342 1
15 L 0 1450 1
15 L 0 1506 1
15 L 0 1646 1
15 D 46 1450 1
15 D 46 1506 1
15 D 46 1646 1
16 L 0 1988 1
16 D 46 1988 1
17 L 0 363 1
17 L 0 471 1
17 D 76 363 1
17 D 76 471 1
18 L 0 579 1
18 L 1 598 1
18 L 0 661 1
18 D 76 579 1
18 D 76 598 1
18 D 76 661 1
19 L 0 785 1
19 D 76 785 1
20 L 0 1073 1
20 L 0 1548 1
20 D 76 1073 1
20 D 76 1548 1
21 L 0 1569 1
21 L 0 1660 1
21 L 0 1833 1
21 D 76 1569 1
21 D 76 1660 1
21 D 76 1833 1
22 L 1 1906 1
22 D 76 1906 1
23 L 0 303 1
23 L 0 1437 1
23 L 0 1438 1
23 D 103 303 1
23 D 103 1437 1
23 D 103 1438 1
24 L 6 33 1
24 L 0 99 1
24 D 150 33 1
24 D 150 99 1
25 L 0 214 1
25 L 0 434 1
25 L 1 457 1
25 D 150 214 1
25 D 150 434 1
25 D 150 457 1
26 L 4 945 1
26 L 0 1517 1
26 L 0 1518 1
26 D 150 945 1
26 D 150 1517 1
26 D 150 1518 1
27 L 0 1736 1
27 L 0 1798 1
27 D 150 1736 1
27 D 150 1798 1
28 L 0 127 1
28 L 3 200 1
28 D 264 127 1
28 D 264 200 1
29 L 0 225 1
29 L 0 988 1
29 D 264 225 1
29 D 264 988 1
0 L 0 1025 1
0 L 0 1602 1
0 D 264 1025 1
0 D 264 1602 1
1 L 0 80 1
1 L 0 157 1
1 L 0 227 1
1 D 348 80 1
1 D 348 157 1
1 D 348 227 1
2 L 0 238 1
2 L 0 283 1
2 L 0 468 1
2 D 348 238 1
2 D 348 283 1
2 D 348 468 1
3 L 0 475 1
3 L 0 591 1
3 D 348 475 1
3 D 348 591 1
4 L 0 679 1
4 L 0 684 1
4 D 348 679 1
4 D 348 684 1
5 L 0 1137 1
5 L 0 1334 1
5 D 348 1137 1
5 D 348 1334 1
6 L 2 1408 1
6 L 0 1602 1
6 L 0 1741 1
6 D 348 1408 1
6 D 348 1602 1
6 D 348 1741 1
7 L 0 45 1
7 L 0 852 1
7 D 446 45 1
7 D 446 852 1
8 L 0 983 1
8 L 0 1473 1
8 D 485 983 1
8 D 485 1473 1
9 L 0 1691 1
9 L 0 1745 1
9 D 485 1691 1
9 D 485 1745 1
10 L 0 1854 1
10 L 0 1924 1
10 D 485 1854 1
10 D 485 1924 1
11 L 0 216 1
11 L 0 684 1
11 L 0 862 1
11 D 508 216 1
11 D 508 684 1
11 D 508 862 1
12 L 0 1091 1
12 L 0 1162 1
12 D 508 1091 1
12 D 508 1162 1
13 L 0 1262 1
13 L 0 1435 1
13 D 508 1262 1
13 D 508 1435 1
14 L 0 1631 1
14 L 0 1828 1
14 D 508 1631 1
14 D 508 1828 1
15 L 0 299 1
15 L 0 312 1
15 L 0 911 1
15 D 713 299 1
15 D 713 312 1
15 D 713 911 1
16 L 0 1043 1
16 L 0 1045 1
16 D 713 1043 1
16 D 713 1045 1
17 L 0 1196 1
17 L 0 1533 1
17 D 713 1196 1
17 D 713 1533 1
18 L 0 1634 1
18 L 0 1640 1
18 D 713 1634 1
18 D 713 1640 1
19 L 0 171 1
19 L 0 356 1
19 L 0 454 1
19 D 797 171 1
19 D 797 356 1
19 D 797 454 1
20 L 0 479 1
20 L 0 837 1
20 L 0 931 1
20 L 0 1529 1
20 D 861 479 1
20 D 861 837 1
20 D 861 931 1
20 D 861 1529 1
21 L 0 97 1
21 L 0 283 1
21 L 0 299 1
21 D 867 97 1
21 D 867 283 1
21 D 867 299 1
22 L 0 427 1
22 L 0 429 1
22 D 867 427 1
22 D 867 429 1
23 L 0 449 1
23 L 0 685 1
23 L 0 815 1
23 D 867 449 1
23 D 867 685 1
23 D 867 815 1
24 L 0 922 1
24 L 0 931 1
24 D 867 922 1
24 D 867 931 1
25 L 0 974 1
25 L 0 1004 1
25 D 867 974 1
25 D 867 1004 1
26 L 0 1045 1
26 L 0 1050 1
26 D 867 1045 1
26 D 867 1050 1
27 L 0 1132 1
27 L 0 1646 1
27 L 0 1780 1
27 D 867 1132 1
27 D 867 1646 1
27 D 867 1780 1
28 L 0 53 1
28 L 2 306 1
28 L 0 385 1
28 L 0 438 1
28 D 914 53 1
28 D 914 306 1
28 D 914 385 1
28 D 914 438 1
29 L 0 786 1
29 L 0 878 1
29 L 0 920 1
29 D 914 786 1
29 D 914 878 1
29 D 914 920 1
0 L 0 1005 2
0 L 0 1359 1
0 D 914 1005 2
0 D 914 1359 1
1 L 0 1453 1
1 L 0 1598 1
1 L 1 1602 1
1 D 914 1453 1
1 D 914 1598 1
1 D 914 1602 1
2 L 0 1604 1
2 L 0 1607 1
2 L 0 1904 1
2 D 914 1604 1
2 D 914 1607 1
2 D 914 1904 1
3 L 0 161 1
3 L 0 278 1
3 L 0 297 1
3 D 951 161 1
3 D 951 278 1
3 D 951 297 1
4 L 0 501 1
4 L 0 713 1
4 D 951 501 1
4 D 951 713 1
5 L 0 1040 1
5 L 0 1131 1
5 L 0 1490 1
5 D 951 1040 1
5 D 951 1131 1
5 D 951 1490 1
6 L 0 1613 1
6 D 951 1613 1
7 L 0 175 1
7 D 979 175 1
8 L 5 951 1
8 L 0 1147 1
8 D 979 951 1
8 D 979 1147 1
9 L 0 297 1
9 L 0 384 1
9 L 0 1090 1
9 L 0 1280 1
9 L 1 1512 1
9 L 0 1977 1
9 D 20 297 1
9 D 20 384 1
9 D 20 1090 1
9 D 20 1280 1
9 D 20 1512 1
9 D 20 1977 1
10 L 0 49 1
10 D 64 49 1
11 L 2 1257 1
11 L 0 1265 1
11 D 64 1257 1
11 D 64 1265 1
12 L 0 1482 1
12 L 0 1580 1
12 D 64 1482 1
12 D 64 1580 1
13 L 0 257 1
13 L 0 649 1
13 L 0 1606 1
13 D 66 257 1
13 D 66 649 1
13 D 66 1606 1
14 L 0 1915 1
14 D 66 1915 1
15 L 0 764 1
15 L 0 806 1
15 L 0 1547 1
15 D 92 764 1
15 D 92 806 1
15 D 92 1547 1
16 L 0 1638 1
16 L 0 1870 1
16 D 92 1638 1
16 D 92 1870 1
17 L 0 193 1
17 L 0 374 1
17 L 0 386 1
17 D 118 193 1
17 D 118 374 1
17 D 118 386 1
18 L 1 770 1
18 D 118 770 1
19 L 0 782 1
19 L 0 885 1
19 D 118 782 1
19 D 118 885 1
20 L 0 971 1
20 D 118 971 1
21 L 0 1026 1
21 D 118 1026 1
22 L 0 1141 1
22 L 0 1479 1
22 L 0 1527 1
22 D 118 1141 1
22 D 118 1479 1
22 D 118 1527 1
23 L 0 1626 1
23 D 118 1626 1
24 L 0 1859 1
24 D 118 1859 1
25 L 0 488 1
25 L 1 588 1
25 L 0 1005 1
25 D 221 488 1
25 D 221 588 1
25 D 221 1005 1
26 L 0 168 1
26 L 2 368 1
26 L 0 449 1
26 D 230 168 1
26 D 230 368 1
26 D 230 449 1
27 L 1 539 1
27 L 1 723 1
27 L 0 753 1
27 L 0 1230 1
27 D 230 539 1
27 D 230 723 1
27 D 230 753 1
27 D 230 1230 1
28 L 1 1342 1
28 L 1 1366 1
28 D 230 1342 1
28 D 230 1366 1
29 L 0 1569 1
29 D 230 1569 1
0 L 0 1677 1
0 L 0 1703 1
0 L 0 1873 1
0 D 230 1677 1
0 D 230 1703 1
0 D 230 1873 1
1 L 0 346 1
1 L 0 475 1
1 D 231 346 1
1 D 231 475 1
2 L 0 783 1
2 L 0 1142 1
2 L 0 1345 1
2 D 231 783 1
2 D 231 1142 1
2 D 231 1345 1
3 L 1 1421 1
3 L 0 1482 1
3 D 231 1421 1
3 D 231 1482 1
4 L 0 1486 1
4 L 1 1780 1
4 D 231 1486 1
4 D 231 1780 1
5 L 0 775 1
5 L 0 965 1
5 D 327 775 1
5 D 327 965 1
6 L 0 984 1
6 L 0 1285 1
6 L 0 1818 1
6 L 0 1835 1
6 D 327 984 1
6 D 327 1285 1
6 D 327 1818 1
6 D 327 1835 1
7 L 0 1986 1
7 D 327 1986 1
8 L 0 129 1
8 L 0 1023 1
8 L 0 1667 1
8 L 0 1714 1
8 D 373 129 1
8 D 373 1023 1
8 D 373 1667 1
8 D 373 1714 1
9 L 1 195 1
9 L 2 570 1
9 D 405 195 1
9 D 405 570 1
10 L 0 733 1
10 D 405 733 1
11 L 1 1470 1
11 L 1 1661 1
11 D 405 1470 1
11 D 405 1661 1
12 L 0 1753 1
12 L 0 1989 1
12 D 405 1753 1
12 D 405 1989 1
13 L 1 106 1
13 L 1 170 1
13 L 0 432 1
13 D 408 106 1
13 D 408 170 1
13 D 408 432 1
14 L 0 505 1
14 L 0 727 1
14 D 408 505 1
14 D 408 727 1
15 L 1 973 1
15 L 0 1651 1
15 D 408 973 1
15 D 408 1651 1
16 L 0 1738 1
16 L 0 1881 1
16 D 408 1738 1
16 D 408 1881 1
17 L 1 1926 1
17 D 408 1926 1
18 L 0 16 1
18 L 0 789 1
18 L 0 823 1
18 L 0 967 1
18 D 441 16 1
18 D 441 789 1
18 D 441 823 1
18 D 441 967 1
19 L 0 1246 1
19 L 0 1487 1
19 D 441 1246 1
19 D 441 1487 1
20 L 0 1600 1
20 D 441 1600 1
21 L 0 432 1
21 L 0 471 1
21 D 454 432 1
21 D 454 471 1
22 L 0 922 1
22 L 0 1023 1
22 D 454 922 1
22 D 454 1023 1
23 L 0 1331 1
23 L 1 1470 1
23 D 454 1331 1
23 D 454 1470 1
24 L 0 104 1
24 L 0 643 1
24 D 502 104 1
24 D 502 643 1
25 L 0 822 1
25 L 0 1309 1
25 L 0 1538 1
25 D 502 822 1
25 D 502 1309 1
25 D 502 1538 1
26 L 0 455 1
26 L 0 469 1
26 D 578 455 1
26 D 578 469 1
27 L 0 625 1
27 L 0 819 1
27 L 0 975 1
27 D 578 625 1
27 D 578 819 1
27 D 578 975 1
28 L 0 1158 1
28 L 0 1200 1
28 D 578 1158 1
28 D 578 1200 1
29 L 0 1306 1
29 L 0 1340 1
29 D 578 1306 1
29 D 578 1340 1
0 L 0 1398 1
0 L 0 1484 1
0 D 578 1398 1
0 D 578 1484 1
1 L 1 1540 1
1 L 0 1577 1
1 D 578 1540 1
1 D 578 1577 1
2 L 0 1898 1
2 D 578 1898 1
3 L 0 166 1
3 L 4 536 1
3 D 589 166 1
3 D 589 536 1
4 L 0 826 1
4 L 0 1078 1
4 L 1 1083 1
4 D 589 826 1
4 D 589 1078 1
4 D 589 1083 1
5 L 0 1488 1
5 L 6 1493 1
5 L 0 1586 1
5 D 589 1488 1
5 D 589 1493 1
5 D 589 1586 1
6 L 0 1771 1
6 D 589 1771 1
7 L 0 194 1
7 L 0 374 1
7 D 679 194 1
7 D 679 374 1
8 L 0 468 1
8 L 0 713 1
8 D 679 468 1
8 D 679 713 1
9 L 1 880 1
9 L 0 1130 1
9 D 679 880 1
9 D 679 1130 1
10 L 0 1438 1
10 L 0 1958 1
10 D 679 1438 1
10 D 679 1958 1
11 L 0 282 1
11 L 0 286 1
11 D 781 282 1
11 D 781 286 1
12 L 0 927 1
12 L 0 1448 1
12 L 0 1486 1
12 D 781 927 1
12 D 781 1448 1
12 D 781 1486 1
13 L 0 27 1
13 L 0 235 1
13 L 0 907 1
13 L 0 1034 1
13 D 791 27 1
13 D 791 235 1
13 D 791 907 1
13 D 791 1034 1
14 L 0 82 1
14 L 0 243 1
14 D 792 82 1
14 D 792 243 1
15 L 0 270 1
15 L 0 468 1
15 D 792 270 1
15 D 792 468 1
16 L 0 871 1
16 L 0 1355 1
16 L 0 1690 1
16 D 792 871 1
16 D 792 1355 1
16 D 792 1690 1
17 L 0 1911 1
17 D 792 1911 1
18 L 0 73 1
18 L 0 415 1
18 L 0 483 1
18 L 0 704 1
18 D 840 73 1
18 D 840 415 1
18 D 840 483 1
18 D 840 704 1
19 L 0 1078 1
19 L 0 1222 1
19 L 0 1316 1
19 D 840 1078 1
19 D 840 1222 1
19 D 840 1316 1
20 L 0 1724 1
20 D 840 1724 1
21 L 1 43 1
21 D 948 43 1
22 L 2 143 1
22 L 0 350 1
22 D 948 143 1
22 D 948 350 1
23 L 0 354 1
23 L 0 664 1
23 D 948 354 1
23 D 948 664 1
24 L 0 904 1
24 L 1 979 1
24 L 2 1073 1
24 D 948 904 1
24 D 948 979 1
24 D 948 1073 1
25 L 0 1619 1
25 L 0 1665 1
25 D 948 1619 1
25 D 948 1665 1
26 L 0 94 1
26 L 0 628 1
26 L 0 901 1
26 D 973 94 1
26 D 973 628 1
26 D 973 901 1
27 L 0 19 1
27 D 978 19 1
28 L 0 646 1
28 L 0 809 1
28 D 978 646 1
28 D 978 809 1
29 L 0 846 1
29 L 0 1312 1
29 D 978 846 1
29 D 978 1312 1
0 L 2 1386 1
0 D 978 1386 1
1 L 0 2 1
1 L 0 35 1
1 D 27 2 1
1 D 27 35 1
2 L 1 43 1
2 L 0 104 1
2 D 27 43 1
2 D 27 104 1
3 L 0 139 1
3 L 0 239 1
3 D 27 139 1
3 D 27 239 1
4 L 0 244 1
4 L 0 537 1
4 D 27 244 1
4 D 27 537 1
5 L 0 590 1
5 L 0 908 1
5 D 27 590 1
5 D 27 908 1
6 L 0 1120 1
6 L 1 1299 1
6 D 27 1120 1
6 D 27 1299 1
7 L 0 1414 1
7 L 1 1698 1
7 L 0 1824 1
7 D 27 1414 1
7 D 27 1698 1
7 D 27 1824 1
8 L 0 216 1
8 L 0 475 1
8 L 0 716 1
8 D 61 216 1
8 D 61 475 1
8 D 61 716 1
9 L 0 743 1
9 L 0 814 1
9 L 0 865 1
9 D 61 743 1
9 D 61 814 1
9 D 61 865 1
10 L 0 896 1
10 L 0 1177 1
10 D 61 896 1
10 D 61 1177 1
11 L 1 1254 1
11 D 61 1254 1
12 L 0 1413 1
12 L 0 1466 1
12 L 0 1769 1
12 D 61 1413 1
12 D 61 1466 1
12 D 61 1769 1
13 L 0 14 1
13 L 1 124 1
13 D 83 14 1
13 D 83 124 1
14 L 0 127 1
14 D 83 127 1
15 L 0 181 1
15 L 0 288 1
15 D 83 181 1
15 D 83 288 1
16 L 0 563 1
16 L 0 722 1
16 D 83 563 1
16 D 83 722 1
17 L 0 733 1
17 L 0 814 1
17 L 0 958 1
17 D 83 733 1
17 D 83 814 1
17 D 83 958 1
18 L 0 976 1
18 L 0 1062 1
18 L 0 1339 1
18 D 83 976 1
18 D 83 1062 1
18 D 83 1339 1
19 L 0 1592 1
19 L 1 1803 1
19 D 83 1592 1
19 D 83 1803 1
20 L 0 1839 1
20 D 83 1839 1
21 L 1 1201 1
21 L 0 1528 1
21 D 91 1201 1
21 D 91 1528 1
22 L 1 1803 1
22 D 91 1803 1
23 L 0 100 1
23 L 0 169 1
23 D 96 100 1
23 D 96 169 1
24 L 0 461 1
24 L 0 557 1
24 L 0 786 1
24 L 1 1238 1
24 D 96 461 1
24 D 96 557 1
24 D 96 786 1
24 D 96 1238 1
25 L 0 1251 1
25 L 0 1289 1
25 L 0 1589 1
25 D 96 1251 1
25 D 96 1289 1
25 D 96 1589 1
26 L 0 1632 1
26 L 0 1690 1
26 D 96 1632 1
26 D 96 1690 1
27 L 0 18 1
27 L 0 185 1
27 D 100 18 1
27 D 100 185 1
28 L 0 449 1
28 L 0 534 1
28 L 0 553 1
28 D 100 449 1
28 D 100 534 1
28 D 100 553 1
29 L 0 605 1
29 L 0 741 1
29 L 0 887 1
29 D 100 605 1
29 D 100 741 1
29 D 100 887 1
0 L 0 983 1
0 L 1 1130 1
0 D 100 983 1
0 D 100 1130 1
1 L 0 1413 1
1 L 0 1712 1
1 D 100 1413 1
1 D 100 1712 1
2 L 1 31 1
2 L 0 54 1
2 L 0 88 1
2 D 116 31 1
2 D 116 54 1
2 D 116 88 1
3 L 0 270 1
3 L 0 289 1
3 L 2 436 1
3 D 116 270 1
3 D 116 289 1
3 D 116 436 1
4 L 0 289 1
4 L 0 774 1
4 D 116 289 1
4 D 116 774 1
5 L 0 831 1
5 L 0 908 1
5 L 0 1010 1
5 D 116 831 1
5 D 116 908 1
5 D 116 1010 1
6 L 0 1468 1
6 L 0 1508 1
6 D 116 1468 1
6 D 116 1508 1
7 L 1 1661 1
7 L 8 1734 1
7 D 116 1661 1
7 D 116 1734 1
8 L 1 8 1
8 L 0 1449 1
8 L 0 1476 1
8 D 144 8 1
8 D 144 1449 1
8 D 144 1476 1
9 L 0 252 1
9 L 0 270 1
9 L 0 335 1
9 D 146 252 1
9 D 146 270 1
9 D 146 335 1
10 L 0 764 1
10 D 146 764 1
11 L 1 232 1
11 L 0 283 1
11 L 1 443 1
11 D 155 232 1
11 D 155 283 1
11 D 155 443 1
12 L 0 474 1
12 L 0 1078 1
12 D 155 474 1
12 D 155 1078 1
13 L 0 1255 1
13 L 1 1342 1
13 L 1 1348 1
13 D 155 1255 1
13 D 155 1342 1
13 D 155 1348 1
14 L 0 1464 1
14 L 0 1468 1
14 D 155 1464 1
14 D 155 1468 1
15 L 2 490 1
15 L 1 610 1
15 L 0 756 1
15 D 161 490 1
15 D 161 610 1
15 D 161 756 1
16 L 0 857 1
16 L 0 919 1
16 L 0 1220 1
16 D 161 857 1
16 D 161 919 1
16 D 161 1220 1
17 L 0 1559 1
17 D 161 1559 1
18 L 0 1903 1
18 D 161 1903 1
19 L 0 484 1
19 L 0 531 1
19 D 171 484 1
19 D 171 531 1
20 L 0 95 1
20 L 0 159 1
20 L 0 184 1
20 L 0 211 1
20 L 0 441 1
20 D 196 95 1
20 D 196 159 1
20 D 196 184 1
20 D 196 211 1
20 D 196 441 1
21 L 0 611 1
21 L 0 622 1
21 L 0 958 1
21 D 196 611 1
21 D 196 622 1
21 D 196 958 1
22 L 0 1036 1
22 L 0 1095 1
22 D 196 1036 1
22 D 196 1095 1
23 L 0 1284 1
23 L 12 1377 1
23 L 0 1415 1
23 D 196 1284 1
23 D 196 1377 1
23 D 196 1415 1
24 L 2 1701 1
24 L 0 1921 1
24 L 1 1928 1
24 D 196 1701 1
24 D 196 1921 1
24 D 196 1928 1
25 L 0 1995 1
25 D 196 1995 1
26 L 1 372 1
26 L 0 597 1
26 L 0 985 1
26 L 0 1048 1
26 D 218 372 1
26 D 218 597 1
26 D 218 985 1
26 D 218 1048 1
27 L 0 1088 1
27 L 0 1372 1
27 L 0 1554 1
27 D 218 1088 1
27 D 218 1372 1
27 D 218 1554 1
28 L 0 1604 1
28 L 0 1618 1
28 D 218 1604 1
28 D 218 1618 1
29 L 0 342 1
29 L 0 616 1
29 L 0 732 1
29 L 0 841 1
29 D 222 342 1
29 D 222 616 1
29 D 222 732 1
29 D 222 841 1
0 L 0 863 1
0 L 0 919 1
0 L 0 1133 1
0 D 222 863 1
0 D 222 919 1
0 D 222 1133 1
1 L 0 1160 1
1 L 0 1170 1
1 L 0 1703 1
1 D 222 1160 1
1 D 222 1170 1
1 D 222 1703 1
2 L 0 1704 1
2 D 222 1704 1
3 L 0 1902 1
3 D 222 1902 1
4 L 1 672 1
4 L 1 783 1
4 D 253 672 1
4 D 253 783 1
5 L 0 44 1
5 L 0 68 1
5 L 0 614 1
5 D 325 44 1
5 D 325 68 1
5 D 325 614 1
6 L 0 795 1
6 L 0 1631 1
6 D 325 795 1
6 D 325 1631 1
7 L 2 8 1
7 L 0 396 1
7 L 0 477 1
7 D 380 8 1
7 D 380 396 1
7 D 380 477 1
8 L 1 716 1
8 L 0 989 1
8 L 0 1172 1
8 L 0 1277 1
8 D 380 716 1
8 D 380 989 1
8 D 380 1172 1
8 D 380 1277 1
9 L 0 1295 1
9 L 3 1412 1
9 L 0 1488 1
9 L 0 1595 1
9 D 380 1295 1
9 D 380 1412 1
9 D 380 1488 1
9 D 380 1595 1
10 L 0 1822 1
10 D 380 1822 1
11 L 0 25 1
11 L 0 523 1
11 L 0 795 1
11 D 395 25 1
11 D 395 523 1
11 D 395 795 1
12 L 0 1260 1
12 D 395 1260 1
13 L 0 734 1
13 L 0 1297 1
13 D 403 734 1
13 D 403 1297 1
14 L 0 1452 1
14 L 1 1811 1
14 D 403 1452 1
14 D 403 1811 1
15 L 0 151 1
15 L 0 749 1
15 D 416 151 1
15 D 416 749 1
16 L 0 782 1
16 D 416 782 1
17 L 0 832 1
17 L 0 971 1
17 L 0 1459 1
17 D 416 832 1
17 D 416 971 1
17 D 416 1459 1
18 L 0 1719 1
18 D 416 1719 1
19 L 0 36 1
19 L 0 537 1
19 D 422 36 1
19 D 422 537 1
20 L 0 1222 1
20 L 1 1356 1
20 D 422 1222 1
20 D 422 1356 1
21 L 0 1704 1
21 L 0 1936 1
21 D 422 1704 1
21 D 422 1936 1
22 L 0 28 1
22 L 0 57 1
22 L 0 360 1
22 D 449 28 1
22 D 449 57 1
22 D 449 360 1
23 L 0 382 1
23 L 0 383 1
23 L 0 900 1
23 D 449 382 1
23 D 449 383 1
23 D 449 900 1
24 L 0 1062 1
24 L 0 1251 1
24 L 0 1607 1
24 D 449 1062 1
24 D 449 1251 1
24 D 449 1607 1
25 L 0 300 1
25 L 0 399 1
25 L 0 626 1
25 L 0 645 1
25 D 460 300 1
25 D 460 399 1
25 D 460 626 1
25 D 460 645 1
26 L 0 751 1
26 L 0 757 1
26 L 0 865 1
26 L 0 1000 1
26 D 460 751 1
26 D 460 757 1
26 D 460 865 1
26 D 460 1000 1
27 L 0 1229 1
27 L 0 1331 1
27 D 460 1229 1
27 D 460 1331 1
28 L 0 1542 1
28 D 460 1542 1
29 L 0 1559 1
29 L 0 1631 1
29 D 460 1559 1
29 D 460 1631 1
0 L 0 1920 1
0 D 460 1920 1
1 L 0 101 1
1 L 0 1617 1
1 D 520 101 1
1 D 520 1617 1
2 L 0 342 1
2 L 0 908 1
2 D 536 342 1
2 D 536 908 1
3 L 1 263 1
3 L 0 487 1
3 D 576 263 1
3 D 576 487 1
4 L 0 656 1
4 L 0 967 1
4 L 0 1039 1
4 D 576 656 1
4 D 576 967 1
4 D 576 1039 1
5 L 0 1782 1
5 L 0 1999 1
5 D 576 1782 1
5 D 576 1999 1
6 L 0 242 1
6 D 672 242 1
7 L 0 356 1
7 D 672 356 1
8 L 0 417 1
8 L 0 442 1
8 D 672 417 1
8 D 672 442 1
9 L 0 517 1
9 L 0 642 1
9 L 0 816 1
9 D 672 517 1
9 D 672 642 1
9 D 672 816 1
10 L 0 822 1
10 L 0 1028 1
10 L 0 1062 1
10 L 0 1086 1
10 L 0 1940 1
10 L 0 1977 1
10 D 672 822 1
10 D 672 1028 1
10 D 672 1062 1
10 D 672 1086 1
10 D 672 1940 1
10 D 672 1977 1
11 L 0 185 1
11 L 0 422 1
11 L 0 557 1
11 D 710 185 1
11 D 710 422 1
11 D 710 557 1
12 L 2 611 1
12 L 0 659 1
12 L 0 708 1
12 D 710 611 1
12 D 710 659 1
12 D 710 708 1
13 L 0 852 1
13 L 0 1230 1
13 L 0 1249 1
13 L 0 1290 1
13 D 710 852 1
13 D 710 1230 1
13 D 710 1249 1
13 D 710 1290 1
14 L 1 1342 1
14 L 4 1705 1
14 L 0 1790 1
14 D 710 1342 1
14 D 710 1705 1
14 D 710 1790 1
15 L 0 1796 1
15 D 710 1796 1
16 L 1 77 1
16 L 0 97 1
16 L 0 704 1
16 L 0 750 1
16 L 0 870 1
16 D 764 77 1
16 D 764 97 1
16 D 764 704 1
16 D 764 750 1
16 D 764 870 1
17 L 0 1436 1
17 L 0 1969 1
17 D 764 1436 1
17 D 764 1969 1
18 L 0 772 1
18 L 0 1200 1
18 L 0 1287 1
18 D 775 772 1
18 D 775 1200 1
18 D 775 1287 1
19 L 0 1677 1
19 D 775 1677 1
20 L 0 595 1
20 L 1 1149 1
20 D 813 595 1
20 D 813 1149 1
21 L 0 1332 1
21 D 813 1332 1
22 L 1 1803 1
22 D 813 1803 1
23 L 0 642 1
23 L 0 887 1
23 D 816 642 1
23 D 816 887 1
24 L 0 900 1
24 L 0 1243 1
24 L 0 1595 1
24 D 816 900 1
24 D 816 1243 1
24 D 816 1595 1
25 L 0 1508 1
25 L 0 1653 1
25 D 858 1508 1
25 D 858 1653 1
26 L 0 26 1
26 L 1 29 1
26 L 0 194 1
26 D 983 26 1
26 D 983 29 1
26 D 983 194 1
27 L 0 305 1
27 L 0 382 1
27 D 983 305 1
27 D 983 382 1
28 L 0 417 1
28 L 1 642 1
28 D 983 417 1
28 D 983 642 1
29 L 0 1177 1
29 L 0 1182 1
29 D 983 1177 1
29 D 983 1182 1
0 L 0 1329 1
0 L 0 1345 1
0 L 0 1438 1
0 L 0 1449 1
0 D 983 1329 1
0 D 983 1345 1
0 D 983 1438 1
0 D 983 1449 1
1 L 0 1646 1
1 L 0 1714 1
1 L 0 1873 1
1 D 983 1646 1
1 D 983 1714 1
1 D 983 1873 1
2 L 0 73 1
2 L 0 488 1
2 L 0 905 1
2 L 0 1204 1
2 D 6 73 1
2 D 6 488 1
2 D 6 905 1
2 D 6 1204 1
3 L 0 1580 1
3 L 1 1690 1
3 D 6 1580 1
3 D 6 1690 1
4 L 1 1833 1
4 D 6 1833 1
5 L 0 334 1
5 L 0 613 1
5 D 30 334 1
5 D 30 613 1
6 L 0 843 1
6 D 30 843 1
7 L 0 859 1
7 L 0 1406 1
7 L 0 1480 1
7 D 30 859 1
7 D 30 1406 1
7 D 30 1480 1
8 L 0 437 1
8 L 0 446 1
8 D 32 437 1
8 D 32 446 1
9 L 0 471 1
9 D 32 471 1
10 L 0 563 1
10 L 0 719 1
10 D 32 563 1
10 D 32 719 1
11 L 0 801 1
11 L 0 803 1
11 D 32 801 1
11 D 32 803 1
12 L 1 865 1
12 L 0 1039 1
12 D 32 865 1
12 D 32 1039 1
13 L 0 1052 1
13 D 32 1052 1
14 L 0 1622 1
14 L 0 1740 1
14 L 0 1887 1
14 D 32 1622 1
14 D 32 1740 1
14 D 32 1887 1
15 L 0 1893 1
15 D 32 1893 1
16 L 0 547 1
16 L 0 699 1
16 L 0 953 1
16 L 0 1005 1
16 D 73 547 1
16 D 73 699 1
16 D 73 953 1
16 D 73 1005 1
17 L 0 1065 1
17 L 0 1176 1
17 D 73 1065 1
17 D 73 1176 1
18 L 0 1566 1
18 L 0 1568 1
18 D 73 1566 1
18 D 73 1568 1
19 L 0 50 1
19 L 0 362 1
19 D 89 50 1
19 D 89 362 1
20 L 0 612 1
20 L 0 654 1
20 L 0 727 1
20 D 89 612 1
20 D 89 654 1
20 D 89 727 1
21 L 1 734 1
21 L 0 753 1
21 L 0 759 1
21 L 0 918 1
21 D 89 734 1
21 D 89 753 1
21 D 89 759 1
21 D 89 918 1
22 L 0 1043 1
22 L 0 1127 1
22 L 1 1172 1
22 L 0 1414 1
22 D 89 1043 1
22 D 89 1127 1
22 D 89 1172 1
22 D 89 1414 1
23 L 1 1500 1
23 L 0 1615 1
23 D 89 1500 1
23 D 89 1615 1
24 L 2 1689 1
24 L 0 1716 1
24 D 89 1689 1
24 D 89 1716 1
25 L 1 383 1
25 L 0 660 1
25 D 102 383 1
25 D 102 660 1
26 L 0 1131 1
26 L 0 1148 1
26 D 102 1131 1
26 D 102 1148 1
27 L 1 1273 1
27 L 0 1296 1
27 L 0 1446 1
27 D 102 1273 1
27 D 102 1296 1
27 D 102 1446 1
28 L 0 1614 1
28 L 0 1659 1
28 L 0 1822 1
28 D 102 1614 1
28 D 102 1659 1
28 D 102 1822 1
29 L 0 1898 1
29 D 102 1898 1
0 L 0 139 1
0 L 0 1113 1
0 L 0 1142 1
0 L 0 1241 1
0 D 109 139 1
0 D 109 1113 1
0 D 109 1142 1
0 D 109 1241 1
1 L 0 1451 1
1 L 2 1943 1
1 D 109 1451 1
1 D 109 1943 1
2 L 9 33 1
2 L 1 151 1
2 L 0 237 1
2 L 0 513 1
2 D 120 33 1
2 D 120 151 1
2 D 120 237 1
2 D 120 513 1
3 L 0 638 1
3 L 0 688 1
3 L 1 807 1
3 D 120 638 1
3 D 120 688 1
3 D 120 807 1
4 L 1 897 1
4 L 0 1020 1
4 L 0 1091 1
4 D 120 897 1
4 D 120 1020 1
4 D 120 1091 1
5 L 0 1443 1
5 D 120 1443 1
6 L 0 1464 1
6 L 0 1486 1
6 L 0 1550 1
6 D 120 1464 1
6 D 120 1486 1
6 D 120 1550 1
7 L 0 1617 1
7 L 0 1956 2
7 D 120 1617 1
7 D 120 1956 2
8 L 0 284 1
8 L 0 900 1
8 D 125 284 1
8 D 125 900 1
9 L 0 922 1
9 L 0 992 1
9 L 0 1204 1
9 D 125 922 1
9 D 125 992 1
9 D 125 1204 1
10 L 0 1259 1
10 L 0 1327 1
10 L 1 1331 1
10 D 125 1259 1
10 D 125 1327 1
10 D 125 1331 1
11 L 0 1443 1
11 D 125 1443 1
12 L 1 1580 1
12 D 125 1580 1
13 L 1 54 1
13 L 0 205 1
13 L 0 920 1
13 D 145 54 1
13 D 145 205 1
13 D 145 920 1
14 L 0 935 1
14 L 0 1063 1
14 D 145 935 1
14 D 145 1063 1
15 L 0 1246 1
15 D 145 1246 1
16 L 0 1443 1
16 D 145 1443 1
17 L 0 10 1
17 L 0 193 1
17 L 2 232 1
17 D 149 10 1
17 D 149 193 1
17 D 149 232 1
18 L 0 370 1
18 L 0 648 1
18 D 149 370 1
18 D 149 648 1
19 L 0 756 1
19 L 0 851 1
19 L 0 924 1
19 L 0 1338 1
19 D 149 756 1
19 D 149 851 1
19 D 149 924 1
19 D 149 1338 1
20 L 0 1796 1
20 L 0 1820 1
20 D 149 1796 1
20 D 149 1820 1
21 L 0 1897 1
21 L 0 1981 1
21 D 149 1897 1
21 D 149 1981 1
22 L 1 343 1
22 L 0 1054 1
22 L 2 1181 1
22 D 159 343 1
22 D 159 1054 1
22 D 159 1181 1
23 L 0 1644 1
23 L 0 1886 1
23 D 159 1644 1
23 D 159 1886 1
24 L 0 2 1
24 L 0 39 1
24 D 160 2 1
24 D 160 39 1
25 L 0 338 1
25 L 0 605 1
25 D 160 338 1
25 D 160 605 1
26 L 0 673 1
26 L 0 678 1
26 D 160 673 1
26 D 160 678 1
27 L 1 893 1
27 L 0 916 1
27 D 160 893 1
27 D 160 916 1
28 L 0 941 1
28 L 0 1190 1
28 D 160 941 1
28 D 160 1190 1
29 L 0 1382 1
29 D 160 1382 1
0 L 0 1410 1
0 L 0 1419 1
0 D 160 1410 1
0 D 160 1419 1
1 L 0 1444 1
1 L 0 1466 1
1 D 160 1444 1
1 D 160 1466 1
2 L 0 1704 1
2 D 160 1704 1
3 L 0 28 1
3 L 0 481 1
3 L 0 523 1
3 D 165 28 1
3 D 165 481 1
3 D 165 523 1
4 L 0 571 1
4 L 0 614 1
4 L 0 634 1
4 D 165 571 1
4 D 165 614 1
4 D 165 634 1
5 L 0 768 1
5 D 165 768 1
6 L 0 943 1
6 L 0 1019 1
6 L 0 1021 1
6 L 1 1063 1
6 D 165 943 1
6 D 165 1019 1
6 D 165 1021 1
6 D 165 1063 1
7 L 0 1093 1
7 L 0 1243 1
7 L 0 1267 1
7 D 165 1093 1
7 D 165 1243 1
7 D 165 1267 1
8 L 0 1404 1
8 L 0 1550 1
8 L 0 1965 1
8 D 165 1404 1
8 D 165 1550 1
8 D 165 1965 1
9 L 0 66 1
9 L 0 86 1
9 D 179 66 1
9 D 179 86 1
10 L 0 97 1
10 L 0 112 1
10 L 0 145 1
10 L 0 587 1
10 L 0 948 1
10 L 0 1034 1
10 D 179 97 1
10 D 179 112 1
10 D 179 145 1
10 D 179 587 1
10 D 179 948 1
10 D 179 1034 1
11 L 0 1062 1
11 L 1 1133 1
11 L 0 1433 1
11 D 179 1062 1
11 D 179 1133 1
11 D 179 1433 1
12 L 0 1444 1
12 L 1 1456 1
12 D 179 1444 1
12 D 179 1456 1
13 L 0 1762 1
13 L 2 1972 1
13 D 179 1762 1
13 D 179 1972 1
14 L 0 190 1
14 L 0 816 1
14 D 182 190 1
14 D 182 816 1
15 L 0 41 1
15 L 0 108 1
15 L 0 966 1
15 D 195 41 1
15 D 195 108 1
15 D 195 966 1
16 L 1 1453 1
16 D 195 1453 1
17 L 0 421 1
17 L 0 466 1
17 L 0 1380 1
17 D 214 421 1
17 D 214 466 1
17 D 214 1380 1
18 L 1 1803 1
18 D 214 1803 1
19 L 0 324 1
19 L 0 719 1
19 L 0 1312 1
19 D 227 324 1
19 D 227 719 1
19 D 227 1312 1
20 L 0 1662 1
20 L 0 1715 1
20 D 227 1662 1
20 D 227 1715 1
21 L 0 21 1
21 L 0 1328 1
21 D 251 21 1
21 D 251 1328 1
22 L 0 58 1
22 L 0 147 1
22 D 263 58 1
22 D 263 147 1
23 L 0 499 1
23 L 0 1128 1
23 D 263 499 1
23 D 263 1128 1
24 L 1 1526 1
24 D 263 1526 1
25 L 0 759 1
25 L 1 1341 1
25 L 1 1446 1
25 D 291 759 1
25 D 291 1341 1
25 D 291 1446 1
26 L 0 1482 1
26 L 1 1839 1
26 D 291 1482 1
26 D 291 1839 1
27 L 0 1087 1
27 L 0 1328 1
27 D 295 1087 1
27 D 295 1328 1
28 L 0 99 1
28 D 311 99 1
29 L 0 157 1
29 L 2 578 1
29 D 311 157 1
29 D 311 578 1
0 L 0 1137 1
0 D 311 1137 1
1 L 0 626 1
1 L 0 632 1
1 L 0 713 1
1 D 316 626 1
1 D 316 632 1
1 D 316 713 1
2 L 0 787 1
2 L 0 914 1
2 D 316 787 1
2 D 316 914 1
3 L 0 1020 1
3 L 0 1674 1
3 D 316 1020 1
3 D 316 1674 1
4 L 0 1790 1
4 L 1 1950 1
4 L 0 1987 1
4 D 316 1790 1
4 D 316 1950 1
4 D 316 1987 1
5 L 0 28 1
5 L 0 1355 1
5 L 0 1643 1
5 D 336 28 1
5 D 336 1355 1
5 D 336 1643 1
6 L 0 583 1
6 D 386 583 1
7 L 0 137 1
7 D 400 137 1
8 L 0 158 1
8 L 0 344 1
8 L 0 399 1
8 D 421 158 1
8 D 421 344 1
8 D 421 399 1
9 L 0 460 1
9 L 0 573 1
9 D 421 460 1
9 D 421 573 1
10 L 0 641 1
10 L 1 788 1
10 D 421 641 1
10 D 421 788 1
11 L 0 841 1
11 L 0 1017 1
11 D 421 841 1
11 D 421 1017 1
12 L 0 1120 1
12 D 421 1120 1
13 L 0 1148 1
13 L 0 1151 1
13 D 421 1148 1
13 D 421 1151 1
14 L 1 1246 1
14 L 0 1347 1
14 D 421 1246 1
14 D 421 1347 1
15 L 0 1451 1
15 L 0 1585 1
15 L 1 1631 1
15 D 421 1451 1
15 D 421 1585 1
15 D 421 1631 1
16 L 0 553 1
16 L 0 649 1
16 L 0 696 1
16 L 0 1057 1
16 D 423 553 1
16 D 423 649 1
16 D 423 696 1
16 D 423 1057 1
17 L 0 1357 1
17 D 423 1357 1
18 L 0 122 1
18 L 0 456 1
18 L 1 637 1
18 D 427 122 1
18 D 427 456 1
18 D 427 637 1
19 L 0 987 1
19 D 427 987 1
20 L 0 1153 1
20 D 427 1153 1
21 L 1 1246 1
21 L 0 1617 1
21 D 427 1246 1
21 D 427 1617 1
22 L 0 1662 1
22 L 0 1688 1
22 L 0 1719 1
22 D 427 1662 1
22 D 427 1688 1
22 D 427 1719 1
23 L 0 1957 1
23 D 427 1957 1
24 L 0 56 1
24 L 0 1203 1
24 D 429 56 1
24 D 429 1203 1
25 L 0 237 1
25 L 0 560 1
25 L 1 591 1
25 D 430 237 1
25 D 430 560 1
25 D 430 591 1
26 L 1 702 1
26 L 0 1045 1
26 D 430 702 1
26 D 430 1045 1
27 L 1 1133 1
27 L 0 1264 1
27 D 430 1133 1
27 D 430 1264 1
28 L 0 1317 1
28 L 1 1680 1
28 D 430 1317 1
28 D 430 1680 1
29 L 0 1761 1
29 L 0 1887 1
29 L 0 1894 1
29 D 430 1761 1
29 D 430 1887 1
29 D 430 1894 1
0 L 0 1034 1
0 L 0 1327 1
0 D 440 1034 1
0 D 440 1327 1
1 L 0 465 1
1 L 0 879 1
1 D 468 465 1
1 D 468 879 1
2 L 0 1363 1
2 L 0 1905 1
2 D 468 1363 1
2 D 468 1905 1
3 L 0 186 1
3 L 0 378 1
3 D 479 186 1
3 D 479 378 1
4 L 0 521 1
4 L 0 635 1
4 L 0 675 1
4 D 479 521 1
4 D 479 635 1
4 D 479 675 1
5 L 0 1122 1
5 D 479 1122 1
6 L 0 1209 1
6 D 522 1209 1
7 L 0 1618 1
7 L 1 1850 1
7 D 522 1618 1
7 D 522 1850 1
8 L 1 807 1
8 L 0 1094 1
8 D 525 807 1
8 D 525 1094 1
9 L 0 1662 1
9 D 525 1662 1
10 L 0 107 1
10 D 548 107 1
11 L 0 511 1
11 L 0 713 1
11 D 548 511 1
11 D 548 713 1
12 L 0 1037 1
12 L 0 1351 1
12 D 548 1037 1
12 D 548 1351 1
13 L 0 1465 1
13 L 0 1678 1
13 L 1 1839 1
13 D 548 1465 1
13 D 548 1678 1
13 D 548 1839 1
14 L 0 16 1
14 L 0 97 1
14 L 0 141 1
14 D 561 16 1
14 D 561 97 1
14 D 561 141 1
15 L 0 242 1
15 L 1 441 1
15 L 0 819 1
15 D 561 242 1
15 D 561 441 1
15 D 561 819 1
16 L 1 879 1
16 L 2 880 1
16 L 0 937 1
16 D 561 879 1
16 D 561 880 1
16 D 561 937 1
17 L 0 1108 1
17 L 0 1113 1
17 D 561 1108 1
17 D 561 1113 1
18 L 1 1162 1
18 D 561 1162 1
19 L 0 1179 1
19 L 1 1227 1
19 D 561 1179 1
19 D 561 1227 1
20 L 0 1300 1
20 L 1 1348 1
20 L 0 1411 1
20 D 561 1300 1
20 D 561 1348 1
20 D 561 1411 1
21 L 0 1905 1
21 D 561 1905 1
22 L 0 238 1
22 L 0 421 1
22 D 565 238 1
22 D 565 421 1
23 L 0 1545 1
23 L 0 1898 1
23 D 565 1545 1
23 D 565 1898 1
24 L 0 486 1
24 L 0 1329 1
24 D 572 486 1
24 D 572 1329 1
25 L 1 320 1
25 D 591 320 1
26 L 0 522 1
26 D 591 522 1
27 L 0 690 1
27 D 591 690 1
28 L 0 1094 1
28 L 2 1356 1
28 L 0 1617 1
28 D 595 1094 1
28 D 595 1356 1
28 D 595 1617 1
29 L 0 108 1
29 L 1 203 1
29 L 0 394 1
29 D 603 108 1
29 D 603 203 1
29 D 603 394 1
0 L 0 451 1
0 D 603 451 1
1 L 0 525 1
1 D 603 525 1
2 L 1 1162 1
2 L 0 1303 1
2 D 603 1162 1
2 D 603 1303 1
3 L 0 1666 1
3 D 603 1666 1
4 L 0 755 1
4 L 0 1411 1
4 L 0 1611 1
4 D 613 755 1
4 D 613 1411 1
4 D 613 1611 1
5 L 0 1860 1
5 L 0 1957 1
5 D 613 1860 1
5 D 613 1957 1
6 L 1 688 1
6 L 1 861 1
6 L 0 901 1
6 L 0 1554 1
6 D 623 688 1
6 D 623 861 1
6 D 623 901 1
6 D 623 1554 1
7 L 0 1976 1
7 D 623 1976 1
8 L 0 216 1
8 L 1 371 1
8 L 1 441 1
8 L 0 494 1
8 L 0 509 1
8 D 631 216 1
8 D 631 371 1
8 D 631 441 1
8 D 631 494 1
8 D 631 509 1
9 L 0 834 1
9 L 0 862 1
9 D 631 834 1
9 D 631 862 1
10 L 2 1133 1
10 L 0 1151 1
10 D 631 1133 1
10 D 631 1151 1
11 L 1 1778 1
11 D 631 1778 1
12 L 0 551 1
12 L 0 869 1
12 L 0 1145 1
12 D 643 551 1
12 D 643 869 1
12 D 643 1145 1
13 L 0 1184 1
13 L 0 1821 1
13 L 4 1878 1
13 D 643 1184 1
13 D 643 1821 1
13 D 643 1878 1
14 L 0 564 1
14 L 0 975 1
14 D 649 564 1
14 D 649 975 1
15 L 0 525 1
15 L 0 567 1
15 D 651 525 1
15 D 651 567 1
16 L 0 720 1
16 L 0 777 1
16 L 0 1217 1
16 D 651 720 1
16 D 651 777 1
16 D 651 1217 1
17 L 0 1748 1
17 L 1 1973 1
17 D 651 1748 1
17 D 651 1973 1
18 L 1 68 1
18 L 5 187 1
18 L 0 594 1
18 D 665 68 1
18 D 665 187 1
18 D 665 594 1
19 L 0 673 1
19 L 0 1459 1
19 L 0 1699 1
19 D 665 673 1
19 D 665 1459 1
19 D 665 1699 1
20 L 0 1923 1
20 L 1 1939 1
20 D 665 1923 1
20 D 665 1939 1
21 L 0 1962 1
21 D 675 1962 1
22 L 0 104 1
22 L 0 111 1
22 D 677 104 1
22 D 677 111 1
23 L 1 157 1
23 L 0 432 1
23 D 677 157 1
23 D 677 432 1
24 L 0 451 1
24 D 677 451 1
25 L 0 646 1
25 L 1 1041 1
25 D 677 646 1
25 D 677 1041 1
26 L 1 1172 1
26 L 0 1457 1
26 L 0 1538 1
26 L 0 1557 1
26 D 677 1172 1
26 D 677 1457 1
26 D 677 1538 1
26 D 677 1557 1
27 L 0 1677 1
27 D 677 1677 1
28 L 0 1855 1
28 D 677 1855 1
29 L 0 1762 1
29 D 681 1762 1
0 L 0 218 1
0 L 0 256 1
0 L 0 312 1
0 D 688 218 1
0 D 688 256 1
0 D 688 312 1
1 L 0 964 1
1 L 0 1214 1
1 L 1 1301 1
1 D 688 964 1
1 D 688 1214 1
1 D 688 1301 1
2 L 0 1441 1
2 L 0 1535 1
2 L 0 1936 1
2 D 688 1441 1
2 D 688 1535 1
2 D 688 1936 1
3 L 0 66 1
3 L 0 500 1
3 L 0 730 1
3 D 702 66 1
3 D 702 500 1
3 D 702 730 1
4 L 0 850 1
4 L 0 1075 1
4 L 0 1178 1
4 D 702 850 1
4 D 702 1075 1
4 D 702 1178 1
5 L 0 1334 1
5 L 1 1513 1
5 D 702 1334 1
5 D 702 1513 1
6 L 0 61 1
6 L 1 147 1
6 D 720 61 1
6 D 720 147 1
7 L 0 243 1
7 L 0 350 1
7 L 0 753 1
7 L 0 781 1
7 D 720 243 1
7 D 720 350 1
7 D 720 753 1
7 D 720 781 1
8 L 1 1087 1
8 L 0 1449 1
8 L 0 1633 1
8 L 0 1810 1
8 D 720 1087 1
8 D 720 1449 1
8 D 720 1633 1
8 D 720 1810 1
9 L 0 1965 1
9 D 720 1965 1
10 L 1 320 1
10 L 1 371 1
10 L 1 591 1
10 D 721 320 1
10 D 721 371 1
10 D 721 591 1
11 L 0 643 1
11 L 0 882 1
11 L 0 1025 1
11 D 721 643 1
11 D 721 882 1
11 D 721 1025 1
12 L 0 233 1
12 L 0 293 1
12 L 0 559 1
12 L 1 585 1
12 D 724 233 1
12 D 724 293 1
12 D 724 559 1
12 D 724 585 1
13 L 0 596 1
13 L 0 698 1
13 D 724 596 1
13 D 724 698 1
14 L 0 733 1
14 L 0 933 1
14 L 0 1077 1
14 D 724 733 1
14 D 724 933 1
14 D 724 1077 1
15 L 0 1088 1
15 L 1 1294 1
15 D 724 1088 1
15 D 724 1294 1
16 L 0 1496 1
16 D 724 1496 1
17 L 0 1709 1
17 L 1 1957 1
17 D 724 1709 1
17 D 724 1957 1
18 L 1 188 1
18 L 1 792 1
18 L 0 857 1
18 D 728 188 1
18 D 728 792 1
18 D 728 857 1
19 L 0 929 1
19 L 1 1342 1
19 L 1 1452 1
19 D 728 929 1
19 D 728 1342 1
19 D 728 1452 1
20 L 0 929 1
20 L 0 1578 1
20 L 0 1937 1
20 D 728 929 1
20 D 728 1578 1
20 D 728 1937 1
21 L 0 697 1
21 D 730 697 1
22 L 0 941 1
22 L 1 958 1
22 L 0 1002 1
22 D 730 941 1
22 D 730 958 1
22 D 730 1002 1
23 L 0 1322 1
23 D 730 1322 1
24 L 0 26 1
24 L 0 375 1
24 L 0 454 1
24 L 0 471 1
24 D 733 26 1
24 D 733 375 1
24 D 733 454 1
24 D 733 471 1
25 L 0 496 1
25 L 1 593 1
25 D 733 496 1
25 D 733 593 1
26 L 0 835 1
26 L 0 854 1
26 D 733 835 1
26 D 733 854 1
27 L 0 906 1
27 L 0 965 1
27 D 733 906 1
27 D 733 965 1
28 L 0 1153 1
28 L 0 1729 1
28 D 733 1153 1
28 D 733 1729 1
29 L 0 1738 1
29 L 0 1813 1
29 D 733 1738 1
29 D 733 1813 1
0 L 0 890 1
0 L 1 1617 1
0 L 0 1658 1
0 D 750 890 1
0 D 750 1617 1
0 D 750 1658 1
1 L 0 1880 1
1 D 750 1880 1
2 L 1 507 1
2 L 0 720 1
2 L 0 1053 1
2 D 752 507 1
2 D 752 720 1
2 D 752 1053 1
3 L 0 1054 1
3 D 752 1054 1
4 L 0 476 1
4 D 783 476 1
5 L 0 480 1
5 L 0 1021 1
5 L 0 1037 1
5 L 0 1502 1
5 D 783 480 1
5 D 783 1021 1
5 D 783 1037 1
5 D 783 1502 1
6 L 0 153 1
6 L 0 411 1
6 D 807 153 1
6 D 807 411 1
7 L 0 650 1
7 L 0 693 1
7 D 807 650 1
7 D 807 693 1
8 L 0 964 1
8 L 0 1214 1
8 L 0 1479 1
8 D 807 964 1
8 D 807 1214 1
8 D 807 1479 1
9 L 0 1487 1
9 L 1 1766 1
9 D 807 1487 1
9 D 807 1766 1
10 L 0 1794 1
10 L 0 1819 1
10 D 807 1794 1
10 D 807 1819 1
11 L 0 1267 1
11 L 0 1435 1
11 D 812 1267 1
11 D 812 1435 1
12 L 0 1816 1
12 L 0 1855 1
12 D 812 1816 1
12 D 812 1855 1
13 L 1 642 1
13 L 0 737 1
13 L 0 953 1
13 D 820 642 1
13 D 820 737 1
13 D 820 953 1
14 L 3 1100 1
14 D 820 1100 1
15 L 1 474 1
15 L 1 789 1
15 L 0 877 1
15 D 824 474 1
15 D 824 789 1
15 D 824 877 1
16 L 1 958 1
16 L 0 1350 1
16 L 1 1540 1
16 L 0 1703 1
16 D 824 958 1
16 D 824 1350 1
16 D 824 1540 1
16 D 824 1703 1
17 L 0 1769 1
17 L 0 1871 1
17 D 824 1769 1
17 D 824 1871 1
18 L 0 1905 1
18 D 824 1905 1
19 L 0 116 1
19 L 0 553 1
19 D 837 116 1
19 D 837 553 1
20 L 1 861 1
20 L 0 914 1
20 D 837 861 1
20 D 837 914 1
21 L 0 1163 1
21 L 0 1722 1
21 L 0 1890 1
21 D 837 1163 1
21 D 837 1722 1
21 D 837 1890 1
22 L 0 1909 1
22 D 837 1909 1
23 L 0 99 1
23 D 850 99 1
24 L 0 140 1
24 L 0 172 1
24 L 0 420 1
24 D 850 140 1
24 D 850 172 1
24 D 850 420 1
25 L 0 759 1
25 L 0 911 1
25 L 1 1158 1
25 D 850 759 1
25 D 850 911 1
25 D 850 1158 1
26 L 0 1255 1
26 L 0 1278 1
26 L 1 1328 1
26 D 850 1255 1
26 D 850 1278 1
26 D 850 1328 1
27 L 0 1558 1
27 L 0 1654 1
27 D 850 1558 1
27 D 850 1654 1
28 L 2 321 1
28 L 1 537 1
28 L 0 707 1
28 D 869 321 1
28 D 869 537 1
28 D 869 707 1
29 L 1 979 1
29 L 0 1153 1
29 D 869 979 1
29 D 869 1153 1
0 L 0 1283 1
0 L 0 1311 1
0 L 0 1924 1
0 L 0 1971 1
0 D 869 1283 1
0 D 869 1311 1
0 D 869 1924 1
0 D 869 1971 1
1 L 0 460 1
1 L 0 877 1
1 D 876 460 1
1 D 876 877 1
2 L 0 916 1
2 L 0 1091 1
2 L 1 1512 1
2 D 876 916 1
2 D 876 1091 1
2 D 876 1512 1
3 L 0 1541 1
3 L 0 1643 1
3 L 1 1691 1
3 D 876 1541 1
3 D 876 1643 1
3 D 876 1691 1
4 L 0 1790 1
4 D 876 1790 1
5 L 1 1306 1
5 L 1 1354 1
5 L 0 1887 1
5 D 883 1306 1
5 D 883 1354 1
5 D 883 1887 1
6 L 0 57 1
6 L 0 76 1
6 D 920 57 1
6 D 920 76 1
7 L 0 100 1
7 L 0 337 1
7 D 920 100 1
7 D 920 337 1
8 L 0 476 1
8 L 0 668 1
8 D 920 476 1
8 D 920 668 1
9 L 0 767 1
9 L 2 884 1
9 D 920 767 1
9 D 920 884 1
10 L 0 891 1
10 L 0 1266 1
10 L 0 1284 1
10 D 920 891 1
10 D 920 1266 1
10 D 920 1284 1
11 L 0 1457 1
11 L 1 1523 1
11 L 0 1644 1
11 D 920 1457 1
11 D 920 1523 1
11 D 920 1644 1
12 L 0 748 1
12 L 0 1062 1
12 L 0 1579 1
12 D 932 748 1
12 D 932 1062 1
12 D 932 1579 1
13 L 0 1627 1
13 L 1 1703 1
13 D 932 1627 1
13 D 932 1703 1
14 L 0 1127 1
14 L 0 1541 1
14 L 0 1896 1
14 D 993 1127 1
14 D 993 1541 1
14 D 993 1896 1
15 L 1 573 1
15 L 0 1387 1
15 L 0 1462 1
15 L 0 1990 1
15 D 21 573 1
15 D 21 1387 1
15 D 21 1462 1
15 D 21 1990 1
16 L 1 157 1
16 L 0 406 1
16 L 0 801 1
16 D 23 157 1
16 D 23 406 1
16 D 23 801 1
17 L 0 919 1
17 L 0 1464 1
17 D 23 919 1
17 D 23 1464 1
18 L 1 1677 1
18 L 0 1754 1
18 D 23 1677 1
18 D 23 1754 1
19 L 0 1836 1
19 L 0 1853 1
19 D 23 1836 1
19 D 23 1853 1
20 L 0 30 1
20 D 25 30 1
21 L 2 539 1
21 L 0 786 1
21 L 0 1005 1
21 D 25 539 1
21 D 25 786 1
21 D 25 1005 1
22 L 0 1338 1
22 L 1 1393 1
22 L 0 1461 1
22 D 25 1338 1
22 D 25 1393 1
22 D 25 1461 1
23 L 0 1867 1
23 D 25 1867 1
24 L 0 185 1
24 L 0 725 1
24 L 0 1822 1
24 L 0 1936 1
24 D 37 185 1
24 D 37 725 1
24 D 37 1822 1
24 D 37 1936 1
25 L 0 1344 1
25 D 40 1344 1
26 L 0 1964 1
26 D 40 1964 1
27 L 0 338 1
27 L 0 512 1
27 L 0 1097 1
27 D 67 338 1
27 D 67 512 1
27 D 67 1097 1
28 L 0 1329 1
28 D 67 1329 1
29 L 1 757 1
29 L 0 840 1
29 L 0 963 1
29 D 75 757 1
29 D 75 840 1
29 D 75 963 1
0 L 0 1300 1
0 L 0 1794 1
0 D 75 1300 1
0 D 75 1794 1
1 L 0 1874 1
1 L 0 1951 1
1 D 75 1874 1
1 D 75 1951 1
2 L 2 616 1
2 L 0 697 1
2 D 78 616 1
2 D 78 697 1
3 L 0 1723 1
3 L 0 1901 1
3 D 78 1723 1
3 D 78 1901 1
4 L 1 1902 1
4 D 78 1902 1
5 L 0 604 1
5 D 82 604 1
6 L 0 119 1
6 L 0 719 1
6 L 0 720 1
6 D 98 119 1
6 D 98 719 1
6 D 98 720 1
7 L 3 1257 1
7 L 3 1629 1
7 D 98 1257 1
7 D 98 1629 1
8 L 1 1725 1
8 L 0 1754 1
8 D 98 1725 1
8 D 98 1754 1
9 L 0 83 1
9 L 0 86 1
9 L 0 230 1
9 L 0 762 1
9 D 131 83 1
9 D 131 86 1
9 D 131 230 1
9 D 131 762 1
10 L 0 1444 1
10 L 0 1541 1
10 L 0 1927 1
10 D 131 1444 1
10 D 131 1541 1
10 D 131 1927 1
11 L 0 401 1
11 L 1 650 1
11 D 134 401 1
11 D 134 650 1
12 L 0 779 1
12 L 1 931 1
12 L 0 1476 1
12 L 0 1589 1
12 D 134 779 1
12 D 134 931 1
12 D 134 1476 1
12 D 134 1589 1
13 L 1 1837 1
13 L 0 1853 1
13 D 134 1837 1
13 D 134 1853 1
14 L 0 99 1
14 D 162 99 1
15 L 2 351 1
15 L 0 930 1
15 D 162 351 1
15 D 162 930 1
16 L 1 1272 1
16 L 0 1371 1
16 D 162 1272 1
16 D 162 1371 1
17 L 0 541 1
17 L 0 1277 1
17 L 0 1439 1
17 D 167 541 1
17 D 167 1277 1
17 D 167 1439 1
18 L 2 1939 1
18 D 167 1939 1
19 L 1 31 1
19 L 0 85 1
19 D 174 31 1
19 D 174 85 1
20 L 0 499 1
20 L 0 921 1
20 D 174 499 1
20 D 174 921 1
21 L 0 1031 1
21 L 0 1056 1
21 L 0 1321 1
21 L 0 1359 1
21 D 174 1031 1
21 D 174 1056 1
21 D 174 1321 1
21 D 174 1359 1
22 L 0 1612 1
22 L 0 1623 1
22 D 174 1612 1
22 D 174 1623 1
23 L 0 1782 1
23 L 0 1873 1
23 D 174 1782 1
23 D 174 1873 1
24 L 0 97 1
24 L 0 307 1
24 L 1 383 1
24 D 184 97 1
24 D 184 307 1
24 D 184 383 1
25 L 1 449 1
25 L 0 1005 1
25 L 0 1080 1
25 D 184 449 1
25 D 184 1005 1
25 D 184 1080 1
26 L 0 5 1
26 L 0 63 1
26 L 0 89 1
26 L 0 104 1
26 D 190 5 1
26 D 190 63 1
26 D 190 89 1
26 D 190 104 1
27 L 0 127 1
27 D 190 127 1
28 L 0 161 1
28 L 1 238 1
28 D 190 161 1
28 D 190 238 1
29 L 0 399 2
29 L 0 461 1
29 D 190 399 2
29 D 190 461 1
0 L 0 1010 1
0 L 1 1022 1
0 L 0 1394 1
0 D 190 1010 1
0 D 190 1022 1
0 D 190 1394 1
1 L 0 1550 1
1 L 0 1644 1
1 L 0 1771 1
1 D 190 1550 1
1 D 190 1644 1
1 D 190 1771 1
2 L 0 1782 1
2 L 0 1867 1
2 D 190 1782 1
2 D 190 1867 1
3 L 0 105 1
3 L 0 290 1
3 L 0 350 1
3 L 0 369 1
3 D 193 105 1
3 D 193 290 1
3 D 193 350 1
3 D 193 369 1
4 L 0 1111 1
4 L 0 1129 1
4 L 0 1297 1
4 D 193 1111 1
4 D 193 1129 1
4 D 193 1297 1
5 L 0 1378 1
5 L 0 1496 1
5 L 0 1598 1
5 D 193 1378 1
5 D 193 1496 1
5 D 193 1598 1
6 L 0 1838 1
6 L 0 1856 1
6 D 193 1838 1
6 D 193 1856 1
7 L 0 125 1
7 L 0 129 1
7 L 3 249 1
7 L 0 420 1
7 D 204 125 1
7 D 204 129 1
7 D 204 249 1
7 D 204 420 1
8 L 0 508 1
8 L 0 1307 1
8 L 0 1326 1
8 D 204 508 1
8 D 204 1307 1
8 D 204 1326 1
9 L 0 1739 1
9 L 0 1855 1
9 D 204 1739 1
9 D 204 1855 1
10 L 0 1908 1
10 L 0 1978 1
10 D 204 1908 1
10 D 204 1978 1
11 L 0 394 1
11 D 220 394 1
12 L 0 1209 1
12 L 0 1287 1
12 D 220 1209 1
12 D 220 1287 1
13 L 0 255 1
13 L 1 415 1
13 L 0 583 1
13 D 232 255 1
13 D 232 415 1
13 D 232 583 1
14 L 0 684 1
14 L 0 747 1
14 D 232 684 1
14 D 232 747 1
15 L 0 1154 1
15 L 0 1439 1
15 L 0 1441 1
15 L 0 1503 1
15 D 232 1154 1
15 D 232 1439 1
15 D 232 1441 1
15 D 232 1503 1
16 L 0 1905 1
16 L 0 1988 1
16 D 232 1905 1
16 D 232 1988 1
17 L 0 14 1
17 L 0 397 1
17 L 0 647 1
17 D 244 14 1
17 D 244 397 1
17 D 244 647 1
18 L 0 690 1
18 L 1 698 1
18 D 244 690 1
18 D 244 698 1
19 L 0 769 1
19 L 0 808 1
19 L 0 1208 1
19 L 0 1480 1
19 D 244 769 1
19 D 244 808 1
19 D 244 1208 1
19 D 244 1480 1
20 L 0 1929 1
20 L 0 1977 1
20 D 244 1929 1
20 D 244 1977 1
21 L 0 2 1
21 L 0 237 1
21 L 0 314 1
21 D 248 2 1
21 D 248 237 1
21 D 248 314 1
22 L 0 373 1
22 L 1 650 1
22 D 248 373 1
22 D 248 650 1
23 L 0 1101 1
23 L 0 1166 1
23 L 0 1546 1
23 D 248 1101 1
23 D 248 1166 1
23 D 248 1546 1
24 L 1 1797 1
24 L 0 1824 1
24 D 248 1797 1
24 D 248 1824 1
25 L 1 10 1
25 L 0 126 1
25 L 0 241 1
25 L 1 252 1
25 D 284 10 1
25 D 284 126 1
25 D 284 241 1
25 D 284 252 1
26 L 0 275 1
26 L 0 350 1
26 D 284 275 1
26 D 284 350 1
27 L 0 548 1
27 L 0 1420 1
27 L 0 1549 1
27 D 284 548 1
27 D 284 1420 1
27 D 284 1549 1
28 L 0 1817 1
28 L 0 1860 1
28 L 0 1979 1
28 D 284 1817 1
28 D 284 1860 1
28 D 284 1979 1
29 L 1 136 1
29 L 0 189 1
29 L 1 386 1
29 D 287 136 1
29 D 287 189 1
29 D 287 386 1
0 L 0 952 1
0 L 0 1234 1
0 L 0 1243 1
0 D 287 952 1
0 D 287 1234 1
0 D 287 1243 1
1 L 2 1246 1
1 L 2 1889 1
1 D 287 1246 1
1 D 287 1889 1
2 L 1 89 1
2 L 0 400 1
2 L 0 631 1
2 L 0 1039 1
2 L 0 1289 1
2 D 292 89 1
2 D 292 400 1
2 D 292 631 1
2 D 292 1039 1
2 D 292 1289 1
3 L 0 1413 1
3 D 292 1413 1
4 L 0 1147 1
4 L 0 1464 1
4 L 0 1643 1
4 D 303 1147 1
4 D 303 1464 1
4 D 303 1643 1
5 L 0 407 1
5 L 0 583 1
5 L 1 958 1
5 D 309 407 1
5 D 309 583 1
5 D 309 958 1
6 L 0 1196 1
6 L 0 1279 1
6 L 1 1582 1
6 L 0 1713 1
6 D 309 1196 1
6 D 309 1279 1
6 D 309 1582 1
6 D 309 1713 1
7 L 1 1822 1
7 D 309 1822 1
8 L 1 1022 1
8 L 1 1158 1
8 L 0 1857 1
8 D 310 1022 1
8 D 310 1158 1
8 D 310 1857 1
9 L 0 107 1
9 D 318 107 1
10 L 5 351 1
10 D 318 351 1
11 L 1 395 1
11 L 1 441 1
11 D 318 395 1
11 D 318 441 1
12 L 2 1246 1
12 L 0 1265 1
12 D 318 1246 1
12 D 318 1265 1
13 L 1 1307 1
13 L 0 1458 1
13 L 0 1658 1
13 D 318 1307 1
13 D 318 1458 1
13 D 318 1658 1
14 L 0 1810 1
14 L 0 1900 1
14 D 318 1810 1
14 D 318 1900 1
15 L 0 631 1
15 L 0 800 1
15 L 0 1028 1
15 D 335 631 1
15 D 335 800 1
15 D 335 1028 1
16 L 0 132 1
16 L 2 147 1
16 D 355 132 1
16 D 355 147 1
17 L 1 235 1
17 L 1 473 1
17 D 355 235 1
17 D 355 473 1
18 L 0 920 1
18 L 1 1280 1
18 D 355 920 1
18 D 355 1280 1
19 L 0 1313 1
19 L 1 1523 1
19 D 355 1313 1
19 D 355 1523 1
20 L 0 1771 1
20 D 355 1771 1
21 L 0 49 1
21 D 359 49 1
22 L 0 409 1
22 D 359 409 1
23 L 0 922 1
23 L 0 962 1
23 D 359 922 1
23 D 359 962 1
24 L 0 1269 1
24 D 359 1269 1
25 L 2 1445 1
25 D 359 1445 1
26 L 0 1618 1
26 L 0 1921 1
26 L 0 1955 1
26 D 359 1618 1
26 D 359 1921 1
26 D 359 1955 1
27 L 0 382 1
27 L 0 706 1
27 L 0 815 1
27 L 0 994 1
27 D 364 382 1
27 D 364 706 1
27 D 364 815 1
27 D 364 994 1
28 L 0 1231 1
28 L 0 1305 1
28 L 0 1644 1
28 D 364 1231 1
28 D 364 1305 1
28 D 364 1644 1
29 L 0 1744 1
29 D 364 1744 1
0 L 1 1834 1
0 L 0 1924 1
0 D 364 1834 1
0 D 364 1924 1
1 L 0 638 1
1 L 0 905 1
1 D 381 638 1
1 D 381 905 1
2 L 0 916 1
2 L 1 1195 1
2 L 0 1489 1
2 D 381 916 1
2 D 381 1195 1
2 D 381 1489 1
3 L 0 1606 1
3 L 0 1672 1
3 D 381 1606 1
3 D 381 1672 1
4 L 0 70 1
4 L 1 131 1
4 L 2 490 1
4 L 0 534 1
4 D 385 70 1
4 D 385 131 1
4 D 385 490 1
4 D 385 534 1
5 L 0 538 1
5 L 0 764 1
5 L 0 983 1
5 D 385 538 1
5 D 385 764 1
5 D 385 983 1
6 L 1 1020 1
6 D 385 1020 1
7 L 1 1027 1
7 D 385 1027 1
8 L 0 1046 1
8 L 0 1376 1
8 D 385 1046 1
8 D 385 1376 1
9 L 0 1481 1
9 D 385 1481 1
10 L 0 1871 1
10 D 385 1871 1
11 L 3 231 1
11 L 0 481 1
11 D 404 231 1
11 D 404 481 1
12 L 0 775 1
12 L 0 856 1
12 L 0 1023 1
12 D 404 775 1
12 D 404 856 1
12 D 404 1023 1
13 L 1 1239 1
13 L 0 1324 1
13 L 0 1338 1
13 L 0 1444 1
13 D 404 1239 1
13 D 404 1324 1
13 D 404 1338 1
13 D 404 1444 1
14 L 2 1943 1
14 D 404 1943 1
15 L 0 244 1
15 L 0 333 1
15 L 0 446 1
15 D 434 244 1
15 D 434 333 1
15 D 434 446 1
16 L 0 1550 1
16 L 1 1589 1
16 D 434 1550 1
16 D 434 1589 1
17 L 0 105 1
17 L 0 748 1
17 L 0 1737 1
17 D 435 105 1
17 D 435 748 1
17 D 435 1737 1
18 L 1 124 1
18 L 0 1126 1
18 L 0 1495 1
18 L 0 1966 1
18 D 452 124 1
18 D 452 1126 1
18 D 452 1495 1
18 D 452 1966 1
19 L 0 35 1
19 L 0 201 1
19 L 0 410 1
19 D 462 35 1
19 D 462 201 1
19 D 462 410 1
20 L 0 468 1
20 L 1 840 1
20 L 0 982 1
20 D 462 468 1
20 D 462 840 1
20 D 462 982 1
21 L 0 1004 1
21 L 1 1105 1
21 L 1 1324 1
21 L 0 1857 1
21 D 462 1004 1
21 D 462 1105 1
21 D 462 1324 1
21 D 462 1857 1
22 L 0 1901 1
22 D 462 1901 1
23 L 1 211 1
23 L 1 238 1
23 L 0 560 1
23 D 491 211 1
23 D 491 238 1
23 D 491 560 1
24 L 1 665 1
24 L 0 976 1
24 D 491 665 1
24 D 491 976 1
25 L 0 1012 1
25 L 0 1097 1
25 D 491 1012 1
25 D 491 1097 1
26 L 1 1176 1
26 L 0 1189 1
26 L 1 1287 1
26 L 0 1300 1
26 D 491 1176 1
26 D 491 1189 1
26 D 491 1287 1
26 D 491 1300 1
27 L 0 1309 1
27 L 1 1342 1
27 L 0 1479 1
27 L 1 1572 1
27 D 491 1309 1
27 D 491 1342 1
27 D 491 1479 1
27 D 491 1572 1
28 L 0 1614 1
28 L 0 1645 1
28 D 491 1614 1
28 D 491 1645 1
29 L 0 1879 1
29 D 491 1879 1
0 L 0 312 1
0 L 0 334 1
0 D 519 312 1
0 D 519 334 1
1 L 0 607 1
1 D 519 607 1
2 L 0 890 1
2 L 0 1091 1
2 D 519 890 1
2 D 519 1091 1
3 L 0 1704 1
3 D 519 1704 1
4 L 0 558 1
4 L 1 1791 1
4 D 530 558 1
4 D 530 1791 1
5 L 0 208 1
5 L 1 595 1
5 L 0 615 1
5 D 531 208 1
5 D 531 595 1
5 D 531 615 1
6 L 0 618 1
6 L 0 916 1
6 L 0 952 1
6 D 531 618 1
6 D 531 916 1
6 D 531 952 1
7 L 0 1290 1
7 L 0 1316 1
7 L 0 1450 1
7 D 531 1290 1
7 D 531 1316 1
7 D 531 1450 1
8 L 0 1798 1
8 L 0 1830 1
8 D 531 1798 1
8 D 531 1830 1
9 L 0 1888 1
9 L 0 1995 1
9 D 531 1888 1
9 D 531 1995 1
10 L 0 267 1
10 L 0 1447 1
10 D 546 267 1
10 D 546 1447 1
11 L 2 1572 1
11 D 546 1572 1
12 L 0 96 1
12 L 2 478 1
12 L 1 837 1
12 D 579 96 1
12 D 579 478 1
12 D 579 837 1
13 L 0 845 1
13 D 579 845 1
14 L 1 116 1
14 L 0 463 1
14 L 0 754 1
14 D 592 116 1
14 D 592 463 1
14 D 592 754 1
15 L 1 773 1
15 D 592 773 1
16 L 1 943 1
16 D 592 943 1
17 L 1 963 1
17 L 1 1214 1
17 D 592 963 1
17 D 592 1214 1
18 L 0 1491 1
18 L 1 1513 1
18 L 0 1824 1
18 D 592 1491 1
18 D 592 1513 1
18 D 592 1824 1
19 L 0 713 1
19 L 0 984 1
19 D 620 713 1
19 D 620 984 1
20 L 0 1164 1
20 L 0 1977 1
20 D 620 1164 1
20 D 620 1977 1
21 L 1 31 1
21 L 0 438 1
21 L 1 449 1
21 D 630 31 1
21 D 630 438 1
21 D 630 449 1
22 L 0 489 1
22 L 0 501 1
22 L 0 508 1
22 D 630 489 1
22 D 630 501 1
22 D 630 508 1
23 L 1 522 1
23 L 0 787 1
23 D 630 522 1
23 D 630 787 1
24 L 1 879 1
24 L 0 1053 1
24 D 630 879 1
24 D 630 1053 1
25 L 0 1064 1
25 L 0 1415 1
25 L 1 1631 1
25 D 630 1064 1
25 D 630 1415 1
25 D 630 1631 1
26 L 0 1821 1
26 L 0 1978 1
26 D 630 1821 1
26 D 630 1978 1
27 L 0 63 1
27 L 1 508 1
27 L 1 719 1
27 L 0 742 1
27 D 663 63 1
27 D 663 508 1
27 D 663 719 1
27 D 663 742 1
28 L 0 1402 1
28 D 663 1402 1
29 L 2 89 1
29 L 0 112 1
29 L 0 281 1
29 L 0 1936 1
29 D 693 89 1
29 D 693 112 1
29 D 693 281 1
29 D 693 1936 1
0 L 0 1956 1
0 D 693 1956 1
1 L 0 158 1
1 L 0 483 1
1 L 0 1409 1
1 L 0 1843 1
1 D 707 158 1
1 D 707 483 1
1 D 707 1409 1
1 D 707 1843 1
2 L 0 96 1
2 L 1 251 1
2 L 0 280 1
2 D 709 96 1
2 D 709 251 1
2 D 709 280 1
3 L 0 422 1
3 D 709 422 1
4 L 0 917 1
4 D 709 917 1
5 L 0 1910 1
5 D 709 1910 1
6 L 1 68 1
6 L 0 160 1
6 D 715 68 1
6 D 715 160 1
7 L 0 362 1
7 L 2 578 1
7 D 715 362 1
7 D 715 578 1
8 L 1 688 1
8 L 0 733 1
8 L 0 793 1
8 D 715 688 1
8 D 715 733 1
8 D 715 793 1
9 L 0 796 1
9 L 1 1178 1
9 L 0 1355 1
9 L 0 1547 1
9 D 715 796 1
9 D 715 1178 1
9 D 715 1355 1
9 D 715 1547 1
10 L 0 1548 1
10 L 0 1854 1
10 L 1 1860 1
10 D 715 1548 1
10 D 715 1854 1
10 D 715 1860 1
11 L 0 1024 1
11 L 0 1499 1
11 L 0 1713 1
11 D 744 1024 1
11 D 744 1499 1
11 D 744 1713 1
12 L 0 312 1
12 L 0 697 1
12 D 754 312 1
12 D 754 697 1
13 L 1 988 1
13 D 754 988 1
14 L 0 1233 1
14 D 754 1233 1
15 L 0 27 1
15 L 0 162 1
15 L 0 1029 1
15 L 1 1617 1
15 D 756 27 1
15 D 756 162 1
15 D 756 1029 1
15 D 756 1617 1
16 L 1 1695 1
16 L 0 1818 1
16 L 0 1828 1
16 D 756 1695 1
16 D 756 1818 1
16 D 756 1828 1
17 L 1 10 1
17 L 0 261 1
17 L 0 512 1
17 D 779 10 1
17 D 779 261 1
17 D 779 512 1
18 L 0 615 1
18 L 0 810 1
18 D 779 615 1
18 D 779 810 1
19 L 3 1017 1
19 D 779 1017 1
20 L 0 1155 1
20 L 0 1270 1
20 D 779 1155 1
20 D 779 1270 1
21 L 0 1858 1
21 D 779 1858 1
22 L 0 111 1
22 L 0 529 1
22 L 1 541 1
22 D 815 111 1
22 D 815 529 1
22 D 815 541 1
23 L 1 1097 1
23 L 3 1188 1
23 L 0 1554 1
23 D 815 1097 1
23 D 815 1188 1
23 D 815 1554 1
24 L 0 51 1
24 L 0 153 1
24 D 818 51 1
24 D 818 153 1
25 L 0 175 1
25 L 0 289 1
25 D 818 175 1
25 D 818 289 1
26 L 3 321 1
26 L 0 462 1
26 D 818 321 1
26 D 818 462 1
27 L 0 703 1
27 L 0 793 1
27 L 0 874 1
27 D 818 703 1
27 D 818 793 1
27 D 818 874 1
28 L 0 1357 1
28 L 0 1538 1
28 D 818 1357 1
28 D 818 1538 1
29 L 0 1683 1
29 D 818 1683 1
0 L 0 1938 1
0 D 818 1938 1
1 L 0 335 1
1 L 0 898 1
1 D 822 335 1
1 D 822 898 1
2 L 1 409 1
2 L 0 654 1
2 L 0 777 1
2 D 830 409 1
2 D 830 654 1
2 D 830 777 1
3 L 0 841 1
3 L 0 1480 1
3 L 0 1665 1
3 L 0 1731 1
3 D 830 841 1
3 D 830 1480 1
3 D 830 1665 1
3 D 830 1731 1
4 L 0 1842 1
4 D 830 1842 1
5 L 1 657 1
5 L 1 696 1
5 L 1 1291 1
5 L 1 1482 1
5 D 843 657 1
5 D 843 696 1
5 D 843 1291 1
5 D 843 1482 1
6 L 0 1868 1
6 D 843 1868 1
7 L 0 142 1
7 L 1 193 1
7 D 870 142 1
7 D 870 193 1
8 L 0 336 1
8 L 0 365 1
8 D 870 336 1
8 D 870 365 1
9 L 0 419 1
9 L 0 422 1
9 D 870 419 1
9 D 870 422 1
10 L 0 549 1
10 L 0 584 1
10 L 0 643 1
10 D 870 549 1
10 D 870 584 1
10 D 870 643 1
11 L 0 1062 1
11 L 0 1344 1
11 L 0 1383 1
11 D 870 1062 1
11 D 870 1344 1
11 D 870 1383 1
12 L 0 1486 1
12 L 2 1778 1
12 D 870 1486 1
12 D 870 1778 1
13 L 0 49 1
13 L 0 185 1
13 D 881 49 1
13 D 881 185 1
14 L 0 205 1
14 L 0 283 1
14 L 0 324 1
14 L 1 591 1
14 D 881 205 1
14 D 881 283 1
14 D 881 324 1
14 D 881 591 1
15 L 1 648 1
15 D 881 648 1
16 L 0 747 1
16 L 0 772 1
16 D 881 747 1
16 D 881 772 1
17 L 0 786 1
17 L 1 862 1
17 D 881 786 1
17 D 881 862 1
18 L 0 889 1
18 L 0 1123 1
18 L 6 1330 1
18 D 881 889 1
18 D 881 1123 1
18 D 881 1330 1
19 L 1 1379 1
19 L 1 1580 1
19 D 881 1379 1
19 D 881 1580 1
20 L 0 1584 1
20 D 881 1584 1
21 L 1 99 1
21 D 889 99 1
22 L 0 133 1
22 L 0 505 1
22 L 3 635 1
22 D 889 133 1
22 D 889 505 1
22 D 889 635 1
23 L 0 750 1
23 L 0 822 1
23 D 889 750 1
23 D 889 822 1
24 L 1 1209 1
24 D 889 1209 1
25 L 0 1451 1
25 L 0 1712 1
25 D 889 1451 1
25 D 889 1712 1
26 L 1 205 1
26 L 0 270 1
26 D 892 205 1
26 D 892 270 1
27 L 1 363 1
27 L 2 478 1
27 D 892 363 1
27 D 892 478 1
28 L 0 497 1
28 L 0 512 1
28 L 0 678 1
28 D 892 497 1
28 D 892 512 1
28 D 892 678 1
29 L 0 920 1
29 L 0 1025 1
29 L 1 1062 1
29 D 892 920 1
29 D 892 1025 1
29 D 892 1062 1
0 L 1 1153 1
0 L 0 1590 1
0 D 892 1153 1
0 D 892 1590 1
1 L 0 1643 1
1 L 0 1653 1
1 L 0 1799 1
1 D 892 1643 1
1 D 892 1653 1
1 D 892 1799 1
2 L 0 940 1
2 D 923 940 1
3 L 0 659 1
3 L 0 820 1
3 L 0 1052 1
3 D 935 659 1
3 D 935 820 1
3 D 935 1052 1
4 L 0 1547 1
4 D 935 1547 1
5 L 0 1335 1
5 D 980 1335 1
6 L 0 42 1
6 L 0 206 1
6 D 988 42 1
6 D 988 206 1
7 L 0 224 1
7 L 0 513 1
7 D 988 224 1
7 D 988 513 1
8 L 0 563 1
8 L 0 653 1
8 D 988 563 1
8 D 988 653 1
9 L 1 788 1
9 L 0 809 1
9 L 0 1081 1
9 D 988 788 1
9 D 988 809 1
9 D 988 1081 1
10 L 0 1108 1
10 D 988 1108 1
11 L 0 1137 1
11 L 0 1241 1
11 D 988 1137 1
11 D 988 1241 1
12 L 0 1444 1
12 L 0 1556 1
12 D 988 1444 1
12 D 988 1556 1
13 L 0 1569 1
13 D 988 1569 1
14 L 0 35 1
14 L 0 290 1
14 L 0 608 1
14 D 992 35 1
14 D 992 290 1
14 D 992 608 1
15 L 0 1035 1
15 L 0 1103 1
15 D 992 1035 1
15 D 992 1103 1
16 L 0 1222 1
16 L 0 1243 1
16 D 992 1222 1
16 D 992 1243 1
17 L 0 1278 1
17 L 3 1321 1
17 L 0 1531 1
17 D 992 1278 1
17 D 992 1321 1
17 D 992 1531 1
18 L 0 1620 1
18 L 0 1779 1
18 D 992 1620 1
18 D 992 1779 1
19 L 0 1820 1
19 D 992 1820 1
20 L 0 399 1
20 L 1 552 1
20 L 0 1759 1
20 D 998 399 1
20 D 998 552 1
20 D 998 1759 1
21 L 1 63 1
21 L 0 505 1
21 L 0 660 1
21 D 1 63 1
21 D 1 505 1
21 D 1 660 1
22 L 1 789 1
22 L 1 1486 1
22 L 1 1741 1
22 L 0 1886 1
22 D 1 789 1
22 D 1 1486 1
22 D 1 1741 1
22 D 1 1886 1
23 L 0 1910 1
23 D 1 1910 1
24 L 0 219 1
24 L 0 365 1
24 L 2 371 1
24 L 0 384 1
24 D 11 219 1
24 D 11 365 1
24 D 11 371 1
24 D 11 384 1
25 L 0 396 1
25 L 0 467 1
25 D 11 396 1
25 D 11 467 1
26 L 0 481 1
26 L 2 598 1
26 D 11 481 1
26 D 11 598 1
27 L 0 922 1
27 D 11 922 1
28 L 0 960 1
28 L 0 1058 1
28 D 11 960 1
28 D 11 1058 1
29 L 1 1136 1
29 L 0 1147 1
29 L 0 1363 1
29 D 11 1136 1
29 D 11 1147 1
29 D 11 1363 1
0 L 0 1376 1
0 L 0 1566 1
0 D 11 1376 1
0 D 11 1566 1
1 L 0 1944 1
1 L 0 1958 1
1 D 11 1944 1
1 D 11 1958 1
2 L 0 130 1
2 L 0 142 1
2 L 0 485 1
2 D 13 130 1
2 D 13 142 1
2 D 13 485 1
3 L 0 577 1
3 L 1 655 1
3 L 0 787 1
3 L 0 841 1
3 D 13 577 1
3 D 13 655 1
3 D 13 787 1
3 D 13 841 1
4 L 2 937 1
4 L 0 1080 1
4 L 0 1558 1
4 L 0 1611 1
4 D 13 937 1
4 D 13 1080 1
4 D 13 1558 1
4 D 13 1611 1
5 L 0 1808 1
5 L 0 1855 1
5 D 13 1808 1
5 D 13 1855 1
6 L 0 270 1
6 L 0 367 1
6 L 0 432 1
6 D 31 270 1
6 D 31 367 1
6 D 31 432 1
7 L 0 534 1
7 L 0 1006 1
7 D 31 534 1
7 D 31 1006 1
8 L 0 1023 1
8 L 0 1024 1
8 L 0 1290 1
8 L 0 1338 1
8 D 31 1023 1
8 D 31 1024 1
8 D 31 1290 1
8 D 31 1338 1
9 L 0 1774 1
9 D 31 1774 1
10 L 1 27 1
10 D 36 27 1
11 L 1 377 1
11 L 0 467 1
11 D 36 377 1
11 D 36 467 1
12 L 0 534 1
12 L 1 642 1
12 D 36 534 1
12 D 36 642 1
13 L 0 735 1
13 L 0 790 1
13 D 36 735 1
13 D 36 790 1
14 L 0 905 1
14 L 0 1169 1
14 D 36 905 1
14 D 36 1169 1
15 L 0 1821 1
15 L 0 1830 1
15 D 36 1821 1
15 D 36 1830 1
16 L 4 1865 1
16 L 0 1910 1
16 D 36 1865 1
16 D 36 1910 1
17 L 1 216 1
17 L 0 563 1
17 D 44 216 1
17 D 44 563 1
18 L 0 110 1
18 D 53 110 1
19 L 2 155 1
19 D 53 155 1
20 L 0 277 1
20 L 0 361 1
20 D 53 277 1
20 D 53 361 1
21 L 1 383 1
21 L 0 526 1
21 D 53 383 1
21 D 53 526 1
22 L 0 1180 1
22 L 0 1359 1
22 L 0 1908 1
22 D 53 1180 1
22 D 53 1359 1
22 D 53 1908 1
23 L 2 1972 1
23 D 53 1972 1
24 L 0 448 1
24 L 0 1304 1
24 D 58 448 1
24 D 58 1304 1
25 L 0 127 1
25 D 71 127 1
26 L 3 321 1
26 L 0 432 1
26 D 71 321 1
26 D 71 432 1
27 L 0 673 1
27 L 0 811 1
27 D 71 673 1
27 D 71 811 1
28 L 0 975 1
28 L 0 1028 1
28 L 0 1072 1
28 D 71 975 1
28 D 71 1028 1
28 D 71 1072 1
29 L 1 1106 1
29 L 2 1133 1
29 D 71 1106 1
29 D 71 1133 1
0 L 1 1554 1
0 L 0 1666 1
0 D 71 1554 1
0 D 71 1666 1
1 L 0 1794 1
1 D 71 1794 1
2 L 0 1903 1
2 L 0 1917 1
2 D 71 1903 1
2 D 71 1917 1
3 L 0 48 1
3 L 2 115 1
3 L 0 623 1
3 D 88 48 1
3 D 88 115 1
3 D 88 623 1
4 L 0 726 1
4 L 0 755 1
4 L 0 1050 1
4 D 88 726 1
4 D 88 755 1
4 D 88 1050 1
5 L 0 1236 1
5 L 0 1410 1
5 D 88 1236 1
5 D 88 1410 1
6 L 1 1415 1
6 L 0 1420 1
6 L 0 1524 1
6 D 88 1415 1
6 D 88 1420 1
6 D 88 1524 1
7 L 0 1313 1
7 L 0 1641 1
7 D 108 1313 1
7 D 108 1641 1
8 L 1 1653 1
8 L 0 1786 1
8 D 108 1653 1
8 D 108 1786 1
9 L 0 308 1
9 L 1 591 1
9 L 0 680 1
9 L 0 769 1
9 D 127 308 1
9 D 127 591 1
9 D 127 680 1
9 D 127 769 1
10 L 0 786 1
10 L 0 857 1
10 L 0 885 1
10 L 0 989 1
10 L 0 1488 1
10 D 127 786 1
10 D 127 857 1
10 D 127 885 1
10 D 127 989 1
10 D 127 1488 1
11 L 0 1537 1
11 L 0 1594 1
11 D 127 1537 1
11 D 127 1594 1
12 L 0 1820 1
12 D 127 1820 1
13 L 0 50 1
13 L 1 157 1
13 L 0 557 1
13 L 1 825 1
13 D 130 50 1
13 D 130 157 1
13 D 130 557 1
13 D 130 825 1
14 L 0 1163 1
14 L 0 1383 1
14 L 0 1392 1
14 D 130 1163 1
14 D 130 1383 1
14 D 130 1392 1
15 L 0 417 1
15 D 136 417 1
16 L 0 499 1
16 L 1 500 1
16 L 1 597 1
16 D 136 499 1
16 D 136 500 1
16 D 136 597 1
17 L 0 904 1
17 L 0 1048 1
17 L 0 1057 1
17 L 0 1258 1
17 D 136 904 1
17 D 136 1048 1
17 D 136 1057 1
17 D 136 1258 1
18 L 0 1411 1
18 L 0 1899 1
18 D 136 1411 1
18 D 136 1899 1
19 L 0 15 1
19 L 0 296 1
19 L 2 1238 1
19 D 148 15 1
19 D 148 296 1
19 D 148 1238 1
20 L 1 1589 1
20 L 1 1644 1
20 L 0 1962 1
20 D 148 1589 1
20 D 148 1644 1
20 D 148 1962 1
21 L 0 247 1
21 L 0 398 1
21 L 0 420 1
21 D 151 247 1
21 D 151 398 1
21 D 151 420 1
22 L 1 521 1
22 L 0 623 1
22 L 0 803 1
22 D 151 521 1
22 D 151 623 1
22 D 151 803 1
23 L 0 1039 1
23 L 0 1514 1
23 L 0 1593 1
23 D 151 1039 1
23 D 151 1514 1
23 D 151 1593 1
24 L 0 1825 1
24 L 0 1910 1
24 D 151 1825 1
24 D 151 1910 1
25 L 1 1927 1
25 D 151 1927 1
26 L 2 116 1
26 L 1 195 1
26 D 163 116 1
26 D 163 195 1
27 L 2 235 1
27 L 1 521 1
27 L 1 688 1
27 D 163 235 1
27 D 163 521 1
27 D 163 688 1
28 L 0 713 1
28 L 0 823 1
28 L 0 1305 1
28 D 163 713 1
28 D 163 823 1
28 D 163 1305 1
29 L 1 1457 1
29 L 0 1843 1
29 L 0 1982 1
29 L 0 1988 1
29 D 163 1457 1
29 D 163 1843 1
29 D 163 1982 1
29 D 163 1988 1
0 L 0 153 1
0 L 0 396 1
0 D 166 153 1
0 D 166 396 1
1 L 0 453 1
1 L 1 649 1
1 L 0 722 1
1 D 166 453 1
1 D 166 649 1
1 D 166 722 1
2 L 0 994 1
2 L 0 1135 1
2 L 0 1186 1
2 L 0 1475 1
2 L 1 1602 1
2 L 0 1616 1
2 D 166 994 1
2 D 166 1135 1
2 D 166 1186 1
2 D 166 1475 1
2 D 166 1602 1
2 D 166 1616 1
3 L 2 1655 1
3 D 166 1655 1
4 L 0 118 1
4 L 0 262 1
4 D 180 118 1
4 D 180 262 1
5 L 1 407 1
5 L 2 522 1
5 D 180 407 1
5 D 180 522 1
6 L 3 1340 1
6 L 0 1467 1
6 D 180 1340 1
6 D 180 1467 1
7 L 0 1497 1
7 L 1 1537 1
7 D 180 1497 1
7 D 180 1537 1
8 L 0 1618 1
8 L 0 1798 1
8 D 180 1618 1
8 D 180 1798 1
9 L 0 114 1
9 L 0 388 1
9 D 199 114 1
9 D 199 388 1
10 L 0 420 1
10 L 0 710 1
10 D 199 420 1
10 D 199 710 1
11 L 0 782 1
11 L 1 1183 1
11 D 199 782 1
11 D 199 1183 1
12 L 1 1307 1
12 L 0 1424 1
12 D 199 1307 1
12 D 199 1424 1
13 L 1 1482 1
13 L 0 1547 1
13 L 0 1595 1
13 L 1 1996 1
13 D 199 1482 1
13 D 199 1547 1
13 D 199 1595 1
13 D 199 1996 1
14 L 0 184 1
14 L 1 499 1
14 L 1 610 1
14 D 229 184 1
14 D 229 499 1
14 D 229 610 1
15 L 0 970 1
15 L 0 1908 1
15 D 229 970 1
15 D 229 1908 1
16 L 0 86 1
16 L 0 158 1
16 L 0 439 1
16 D 241 86 1
16 D 241 158 1
16 D 241 439 1
17 L 1 594 1
17 L 1 645 1
17 D 241 594 1
17 D 241 645 1
18 L 0 891 1
18 L 0 919 1
18 L 0 975 1
18 D 241 891 1
18 D 241 919 1
18 D 241 975 1
19 L 1 1020 1
19 L 0 1527 1
19 L 0 1590 1
19 D 241 1020 1
19 D 241 1527 1
19 D 241 1590 1
20 L 0 512 1
20 L 1 643 1
20 D 249 512 1
20 D 249 643 1
21 L 0 1556 1
21 D 249 1556 1
22 L 2 36 1
22 L 1 63 1
22 L 2 478 1
22 L 0 549 1
22 D 270 36 1
22 D 270 63 1
22 D 270 478 1
22 D 270 549 1
23 L 0 558 1
23 L 0 875 1
23 L 2 937 1
23 L 0 1061 1
23 L 1 1081 1
23 L 0 1359 1
23 D 270 558 1
23 D 270 875 1
23 D 270 937 1
23 D 270 1061 1
23 D 270 1081 1
23 D 270 1359 1
24 L 0 1530 1
24 D 270 1530 1
25 L 1 157 1
25 L 2 308 1
25 D 272 157 1
25 D 272 308 1
26 L 1 343 1
26 L 1 528 1
26 L 0 1817 1
26 D 272 343 1
26 D 272 528 1
26 D 272 1817 1
27 L 0 142 1
27 L 3 1165 1
27 L 0 1825 1
27 D 288 142 1
27 D 288 1165 1
27 D 288 1825 1
28 L 0 114 1
28 L 0 427 1
28 D 294 114 1
28 D 294 427 1
29 L 0 467 1
29 L 0 753 1
29 L 0 841 1
29 D 294 467 1
29 D 294 753 1
29 D 294 841 1
0 L 1 1574 1
0 D 294 1574 1
1 L 2 616 1
1 L 0 1147 1
1 L 0 1253 1
1 L 0 1278 1
1 D 319 616 1
1 D 319 1147 1
1 D 319 1253 1
1 D 319 1278 1
2 L 0 1632 1
2 L 1 1819 1
2 D 319 1632 1
2 D 319 1819 1
3 L 0 388 1
3 L 0 1157 1
3 D 324 388 1
3 D 324 1157 1
4 L 1 1415 1
4 L 1 1703 1
4 D 324 1415 1
4 D 324 1703 1
5 L 0 1590 1
5 L 0 1640 1
5 L 0 1765 1
5 D 332 1590 1
5 D 332 1640 1
5 D 332 1765 1
6 L 0 220 1
6 L 0 437 1
6 L 0 1084 1
6 D 340 220 1
6 D 340 437 1
6 D 340 1084 1
7 L 0 1447 1
7 L 1 1457 1
7 L 0 1649 1
7 D 340 1447 1
7 D 340 1457 1
7 D 340 1649 1
8 L 0 1804 1
8 D 340 1804 1
9 L 0 1871 1
9 D 340 1871 1
10 L 1 973 1
10 D 341 973 1
11 L 0 1004 1
11 L 0 1145 1
11 D 341 1004 1
11 D 341 1145 1
12 L 1 1452 1
12 L 0 1508 1
12 D 341 1452 1
12 D 341 1508 1
13 L 0 108 1
13 L 0 662 1
13 L 0 787 1
13 D 347 108 1
13 D 347 662 1
13 D 347 787 1
14 L 0 1405 1
14 L 0 1441 1
14 L 0 1448 1
14 D 347 1405 1
14 D 347 1441 1
14 D 347 1448 1
15 L 1 593 1
15 L 0 691 1
15 D 358 593 1
15 D 358 691 1
16 L 0 900 1
16 L 0 977 1
16 D 358 900 1
16 D 358 977 1
17 L 0 1016 1
17 L 2 1178 1
17 L 0 1216 1
17 D 358 1016 1
17 D 358 1178 1
17 D 358 1216 1
18 L 0 1322 1
18 L 1 1470 1
18 D 358 1322 1
18 D 358 1470 1
19 L 0 1861 1
19 D 358 1861 1
20 L 1 68 1
20 L 0 418 1
20 L 0 496 1
20 D 365 68 1
20 D 365 418 1
20 D 365 496 1
21 L 0 746 1
21 D 365 746 1
22 L 3 930 1
22 L 0 998 1
22 L 1 1056 1
22 D 365 930 1
22 D 365 998 1
22 D 365 1056 1
23 L 0 1174 1
23 L 0 1449 1
23 L 1 1513 1
23 L 1 1617 1
23 D 365 1174 1
23 D 365 1449 1
23 D 365 1513 1
23 D 365 1617 1
24 L 0 1816 1
24 D 365 1816 1
25 L 0 1861 1
25 D 365 1861 1
26 L 0 1909 1
26 D 365 1909 1
27 L 1 99 1
27 D 378 99 1
28 L 0 180 1
28 L 1 218 1
28 L 0 305 1
28 D 378 180 1
28 D 378 218 1
28 D 378 305 1
29 L 0 839 1
29 L 0 917 1
29 D 378 839 1
29 D 378 917 1
0 L 1 1706 1
0 L 0 1890 1
0 D 378 1706 1
0 D 378 1890 1
1 L 0 247 1
1 L 0 1673 1
1 L 2 1755 1
1 L 1 1843 1
1 D 391 247 1
1 D 391 1673 1
1 D 391 1755 1
1 D 391 1843 1
2 L 0 300 1
2 L 5 536 1
2 D 428 300 1
2 D 428 536 1
3 L 0 563 1
3 L 0 580 1
3 D 428 563 1
3 D 428 580 1
4 L 0 656 1
4 D 428 656 1
5 L 0 971 1
5 L 0 1070 1
5 L 0 1159 1
5 D 428 971 1
5 D 428 1070 1
5 D 428 1159 1
6 L 0 1317 1
6 L 0 1378 1
6 L 0 1397 1
6 L 0 1462 1
6 D 428 1317 1
6 D 428 1378 1
6 D 428 1397 1
6 D 428 1462 1
7 L 1 1732 1
7 D 428 1732 1
8 L 0 1874 1
8 D 428 1874 1
9 L 0 921 1
9 L 0 1285 1
9 D 432 921 1
9 D 432 1285 1
10 L 0 1289 1
10 L 2 1594 1
10 L 0 1883 1
10 D 432 1289 1
10 D 432 1594 1
10 D 432 1883 1
11 L 0 691 1
11 L 0 1173 1
11 L 0 1841 1
11 D 447 691 1
11 D 447 1173 1
11 D 447 1841 1
12 L 0 1897 1
12 D 447 1897 1
13 L 0 122 1
13 L 1 198 1
13 L 1 963 1
13 D 475 122 1
13 D 475 198 1
13 D 475 963 1
14 L 0 1082 1
14 L 1 1287 1
14 L 1 1538 1
14 D 475 1082 1
14 D 475 1287 1
14 D 475 1538 1
15 L 1 1538 1
15 L 0 1714 1
15 L 0 1747 1
15 D 475 1538 1
15 D 475 1714 1
15 D 475 1747 1
16 L 2 10 2
16 D 481 10 2
17 L 2 157 1
17 L 0 206 1
17 L 1 508 1
17 D 481 157 1
17 D 481 206 1
17 D 481 508 1
18 L 3 635 1
18 L 0 876 1
18 L 1 892 1
18 D 481 635 1
18 D 481 876 1
18 D 481 892 1
19 L 0 1042 1
19 L 0 1548 1
19 L 0 1669 1
19 D 481 1042 1
19 D 481 1548 1
19 D 481 1669 1
20 L 0 1723 1
20 L 0 1887 1
20 L 0 1951 1
20 D 481 1723 1
20 D 481 1887 1
20 D 481 1951 1
21 L 0 1988 1
21 D 481 1988 1
22 L 0 30 1
22 L 0 237 1
22 D 489 30 1
22 D 489 237 1
23 L 0 335 1
23 L 0 854 1
23 D 489 335 1
23 D 489 854 1
24 L 1 1357 1
24 L 1 1369 1
24 D 489 1357 1
24 D 489 1369 1
25 L 0 1520 1
25 L 1 1523 1
25 L 0 1694 1
25 D 489 1520 1
25 D 489 1523 1
25 D 489 1694 1
26 L 0 1801 1
26 D 489 1801 1
27 L 0 163 1
27 L 0 289 1
27 L 0 367 1
27 D 497 163 1
27 D 497 289 1
27 D 497 367 1
28 L 0 712 1
28 L 0 998 1
28 D 497 712 1
28 D 497 998 1
29 L 0 1006 1
29 D 497 1006 1
0 L 0 1413 1
0 L 2 1415 1
0 D 497 1413 1
0 D 497 1415 1
1 L 0 1549 1
1 L 0 1556 1
1 L 0 1595 1
1 D 497 1549 1
1 D 497 1556 1
1 D 497 1595 1
2 L 1 1677 1
2 D 497 1677 1
3 L 1 51 1
3 L 0 248 1
3 D 498 51 1
3 D 498 248 1
4 L 0 350 1
4 L 0 784 1
4 D 498 350 1
4 D 498 784 1
5 L 0 914 1
5 L 0 918 1
5 L 0 947 1
5 D 498 914 1
5 D 498 918 1
5 D 498 947 1
6 L 1 963 1
6 D 498 963 1
7 L 0 1313 1
7 L 0 1633 1
7 D 498 1313 1
7 D 498 1633 1
8 L 0 1747 2
8 D 498 1747 2
9 L 0 1887 1
9 L 0 1918 1
9 L 0 1941 1
9 D 498 1887 1
9 D 498 1918 1
9 D 498 1941 1
10 L 0 1961 1
10 D 498 1961 1
11 L 1 124 1
11 L 0 248 1
11 L 1 251 1
11 D 499 124 1
11 D 499 248 1
11 D 499 251 1
12 L 1 541 1
12 L 1 597 1
12 L 0 712 1
12 L 0 1264 1
12 D 499 541 1
12 D 499 597 1
12 D 499 712 1
12 D 499 1264 1
13 L 0 1337 1
13 L 0 1502 1
13 L 2 1516 1
13 L 1 1563 1
13 D 499 1337 1
13 D 499 1502 1
13 D 499 1516 1
13 D 499 1563 1
14 L 0 1593 1
14 L 1 1843 1
14 D 499 1593 1
14 D 499 1843 1
15 L 0 266 1
15 L 0 1818 1
15 D 560 266 1
15 D 560 1818 1
16 L 0 1601 1
16 L 0 1670 1
16 L 0 1782 1
16 D 575 1601 1
16 D 575 1670 1
16 D 575 1782 1
17 L 0 75 1
17 L 1 88 1
17 D 584 75 1
17 D 584 88 1
18 L 0 154 1
18 L 0 996 1
18 L 0 1098 1
18 D 584 154 1
18 D 584 996 1
18 D 584 1098 1
19 L 1 1170 1
19 L 3 1557 1
19 L 1 1583 1
19 D 584 1170 1
19 D 584 1557 1
19 D 584 1583 1
20 L 0 1895 1
20 D 584 1895 1
21 L 0 129 1
21 L 0 535 1
21 L 0 651 1
21 D 587 129 1
21 D 587 535 1
21 D 587 651 1
22 L 1 1307 1
22 L 0 1314 1
22 D 587 1307 1
22 D 587 1314 1
23 L 0 1637 1
23 L 0 1925 1
23 D 587 1637 1
23 D 587 1925 1
24 L 0 1995 1
24 D 587 1995 1
25 L 0 3 1
25 L 0 419 1
25 D 606 3 1
25 D 606 419 1
26 L 1 437 1
26 L 2 537 1
26 D 606 437 1
26 D 606 537 1
27 L 0 646 1
27 L 0 694 1
27 L 1 1113 1
27 D 606 646 1
27 D 606 694 1
27 D 606 1113 1
28 L 1 1549 1
28 L 0 1855 1
28 D 606 1549 1
28 D 606 1855 1
29 L 0 15 1
29 D 619 15 1
0 L 0 85 1
0 L 0 335 1
0 D 619 85 1
0 D 619 335 1
1 L 0 736 1
1 L 0 1476 1
1 D 619 736 1
1 D 619 1476 1
2 L 0 1736 1
2 D 619 1736 1
3 L 2 56 1
3 L 0 348 1
3 L 0 1139 1
3 D 645 56 1
3 D 645 348 1
3 D 645 1139 1
4 L 1 1598 1
4 L 0 1810 1
4 D 645 1598 1
4 D 645 1810 1
5 L 0 970 1
5 L 0 1163 1
5 L 1 1617 1
5 L 0 1765 1
5 D 660 970 1
5 D 660 1163 1
5 D 660 1617 1
5 D 660 1765 1
6 L 0 687 1
6 L 0 728 1
6 D 678 687 1
6 D 678 728 1
7 L 1 746 1
7 D 678 746 1
8 L 0 1215 1
8 L 0 1435 1
8 L 0 1502 1
8 D 678 1215 1
8 D 678 1435 1
8 D 678 1502 1
9 L 0 1576 1
9 L 1 1825 1
9 L 0 1864 1
9 D 678 1576 1
9 D 678 1825 1
9 D 678 1864 1
10 L 1 1947 1
10 D 678 1947 1
11 L 0 28 1
11 L 2 449 1
11 L 0 488 1
11 L 1 597 1
11 D 696 28 1
11 D 696 449 1
11 D 696 488 1
11 D 696 597 1
12 L 1 716 1
12 L 1 837 1
12 D 696 716 1
12 D 696 837 1
13 L 1 1243 1
13 L 0 1929 1
13 D 696 1243 1
13 D 696 1929 1
14 L 1 1936 1
14 L 1 1945 1
14 D 696 1936 1
14 D 696 1945 1
15 L 0 1070 1
15 L 1 1265 1
15 L 1 1571 1
15 D 699 1070 1
15 D 699 1265 1
15 D 699 1571 1
16 L 0 1601 1
16 D 699 1601 1
17 L 2 77 1
17 L 0 242 1
17 L 0 983 1
17 D 704 77 1
17 D 704 242 1
17 D 704 983 1
18 L 0 905 1
18 L 0 1264 1
18 L 0 1303 1
18 D 718 905 1
18 D 718 1264 1
18 D 718 1303 1
19 L 1 1482 1
19 D 718 1482 1
20 L 0 154 1
20 L 0 284 1
20 L 0 720 1
20 D 742 154 1
20 D 742 284 1
20 D 742 720 1
21 L 0 859 1
21 L 0 1180 1
21 D 742 859 1
21 D 742 1180 1
22 L 0 1396 1
22 L 0 1433 1
22 L 0 1590 1
22 L 1 1956 1
22 D 742 1396 1
22 D 742 1433 1
22 D 742 1590 1
22 D 742 1956 1
23 L 0 535 1
23 L 0 830 1
23 D 767 535 1
23 D 767 830 1
24 L 0 1601 1
24 L 0 1646 1
24 L 1 1680 1
24 D 767 1601 1
24 D 767 1646 1
24 D 767 1680 1
25 L 0 1747 1
25 L 1 1825 1
25 D 767 1747 1
25 D 767 1825 1
26 L 0 900 1
26 L 1 1677 1
26 D 768 900 1
26 D 768 1677 1
27 L 0 48 1
27 D 777 48 1
28 L 1 693 1
28 L 0 1002 1
28 L 0 1144 1
28 D 777 693 1
28 D 777 1002 1
28 D 777 1144 1
29 L 0 360 1
29 L 0 397 1
29 L 0 404 1
29 L 0 484 1
29 D 784 360 1
29 D 784 397 1
29 D 784 404 1
29 D 784 484 1
0 L 0 737 1
0 L 0 1166 1
0 D 784 737 1
0 D 784 1166 1
1 L 0 1269 1
1 L 0 1384 1
1 L 0 1462 1
1 D 784 1269 1
1 D 784 1384 1
1 D 784 1462 1
2 L 1 1569 1
2 D 784 1569 1
3 L 0 701 1
3 L 0 1215 1
3 L 0 1556 1
3 D 790 701 1
3 D 790 1215 1
3 D 790 1556 1
4 L 0 1607 1
4 L 1 1833 1
4 D 790 1607 1
4 D 790 1833 1
5 L 0 90 1
5 L 0 384 1
5 L 0 863 1
5 D 802 90 1
5 D 802 384 1
5 D 802 863 1
6 L 0 1536 1
6 D 802 1536 1
7 L 0 262 1
7 L 0 380 1
7 D 810 262 1
7 D 810 380 1
8 L 0 1008 1
8 L 0 1146 1
8 L 0 1548 1
8 D 810 1008 1
8 D 810 1146 1
8 D 810 1548 1
9 L 0 1754 1
9 L 1 1833 1
9 D 810 1754 1
9 D 810 1833 1
10 L 0 184 1
10 L 0 534 1
10 L 0 1433 1
10 L 1 1530 1
10 D 811 184 1
10 D 811 534 1
10 D 811 1433 1
10 D 811 1530 1
11 L 0 129 1
11 L 1 160 1
11 D 821 129 1
11 D 821 160 1
12 L 2 320 1
12 D 821 320 1
13 L 0 391 1
13 L 0 512 1
13 L 2 880 1
13 D 821 391 1
13 D 821 512 1
13 D 821 880 1
14 L 0 1140 1
14 L 0 1253 1
14 L 0 1536 1
14 D 821 1140 1
14 D 821 1253 1
14 D 821 1536 1
15 L 0 1651 1
15 L 1 1769 1
15 L 0 1887 1
15 D 821 1651 1
15 D 821 1769 1
15 D 821 1887 1
16 L 0 90 1
16 L 0 483 1
16 L 1 688 1
16 L 0 1024 1
16 D 834 90 1
16 D 834 483 1
16 D 834 688 1
16 D 834 1024 1
17 L 0 1788 1
17 L 1 1849 1
17 D 834 1788 1
17 D 834 1849 1
18 L 1 385 1
18 L 2 704 1
18 L 0 911 1
18 D 845 385 1
18 D 845 704 1
18 D 845 911 1
19 L 0 923 1
19 L 0 1094 1
19 L 0 1104 1
19 L 0 1173 1
19 D 845 923 1
19 D 845 1094 1
19 D 845 1104 1
19 D 845 1173 1
20 L 0 1368 1
20 L 0 1484 1
20 D 845 1368 1
20 D 845 1484 1
21 L 0 1534 1
21 L 0 1633 1
21 D 845 1534 1
21 D 845 1633 1
22 L 0 1728 1
22 L 1 1763 1
22 L 1 1819 1
22 L 0 1987 1
22 D 845 1728 1
22 D 845 1763 1
22 D 845 1819 1
22 D 845 1987 1
23 L 0 26 1
23 L 0 334 1
23 L 0 375 1
23 L 1 491 1
23 D 877 26 1
23 D 877 334 1
23 D 877 375 1
23 D 877 491 1
24 L 0 690 1
24 L 0 907 1
24 D 877 690 1
24 D 877 907 1
25 L 0 916 1
25 L 2 937 1
25 L 0 1070 1
25 D 877 916 1
25 D 877 937 1
25 D 877 1070 1
26 L 0 1173 1
26 L 1 1593 1
26 D 877 1173 1
26 D 877 1593 1
27 L 4 77 1
27 L 0 154 1
27 D 891 77 1
27 D 891 154 1
28 L 0 322 1
28 L 0 347 1
28 D 891 322 1
28 D 891 347 1
29 L 0 375 1
29 L 0 376 1
29 L 0 560 1
29 D 891 375 1
29 D 891 376 1
29 D 891 560 1
0 L 0 590 1
0 L 0 628 1
0 D 891 590 1
0 D 891 628 1
1 L 3 734 1
1 L 1 853 1
1 D 891 734 1
1 D 891 853 1
2 L 0 905 1
2 L 0 1033 1
2 L 1 1163 1
2 D 891 905 1
2 D 891 1033 1
2 D 891 1163 1
3 L 1 1264 1
3 L 0 1317 1
3 L 0 1495 1
3 L 1 1969 1
3 L 0 1981 1
3 D 891 1264 1
3 D 891 1317 1
3 D 891 1495 1
3 D 891 1969 1
3 D 891 1981 1
4 L 0 305 1
4 L 4 1321 1
4 D 906 305 1
4 D 906 1321 1
5 L 1 1492 1
5 D 906 1492 1
6 L 1 114 1
6 L 0 488 1
6 L 1 584 1
6 L 0 724 1
6 L 0 777 1
6 D 918 114 1
6 D 918 488 1
6 D 918 584 1
6 D 918 724 1
6 D 918 777 1
7 L 1 1043 1
7 L 0 1252 1
7 L 0 1372 1
7 L 1 1452 1
7 L 1 1582 1
7 D 918 1043 1
7 D 918 1252 1
7 D 918 1372 1
7 D 918 1452 1
7 D 918 1582 1
8 L 0 1652 1
8 D 918 1652 1
9 L 1 1685 1
9 L 0 1719 1
9 D 918 1685 1
9 D 918 1719 1
10 L 0 1796 1
10 D 918 1796 1
11 L 0 572 1
11 L 1 723 1
11 L 0 836 1
11 D 929 572 1
11 D 929 723 1
11 D 929 836 1
12 L 0 1233 1
12 D 929 1233 1
13 L 2 1246 1
13 L 1 1328 1
13 D 929 1246 1
13 D 929 1328 1
14 L 0 1559 1
14 D 929 1559 1
15 L 1 140 1
15 L 0 532 1
15 L 1 600 1
15 D 938 140 1
15 D 938 532 1
15 D 938 600 1
16 L 0 777 1
16 L 0 844 1
16 L 0 1116 1
16 L 1 1172 1
16 D 938 777 1
16 D 938 844 1
16 D 938 1116 1
16 D 938 1172 1
17 L 0 1297 1
17 L 0 1455 1
17 D 938 1297 1
17 D 938 1455 1
18 L 0 1590 1
18 L 0 1608 1
18 D 938 1590 1
18 D 938 1608 1
19 L 1 786 1
19 L 0 994 1
19 L 0 1197 1
19 D 942 786 1
19 D 942 994 1
19 D 942 1197 1
20 L 1 1349 1
20 L 0 1491 1
20 L 1 1501 1
20 D 942 1349 1
20 D 942 1491 1
20 D 942 1501 1
21 L 0 265 1
21 L 0 1025 1
21 L 1 1969 1
21 D 943 265 1
21 D 943 1025 1
21 D 943 1969 1
22 L 0 85 1
22 D 961 85 1
23 L 0 887 1
23 D 961 887 1
24 L 0 917 1
24 L 0 1628 1
24 D 961 917 1
24 D 961 1628 1
25 L 0 52 1
25 L 0 743 1
25 L 0 851 1
25 D 972 52 1
25 D 972 743 1
25 D 972 851 1
26 L 0 1082 1
26 L 1 1172 1
26 D 972 1082 1
26 D 972 1172 1
27 L 0 1651 1
27 L 1 1667 1
27 D 972 1651 1
27 D 972 1667 1
28 L 0 1831 1
28 L 0 1954 1
28 D 972 1831 1
28 D 972 1954 1
29 L 4 170 1
29 L 3 232 1
29 L 0 967 1
29 D 0 170 1
29 D 0 232 1
29 D 0 967 1
0 L 0 1059 1
0 L 0 1086 1
0 L 0 1131 1
0 L 1 1280 1
0 D 0 1059 1
0 D 0 1086 1
0 D 0 1131 1
0 D 0 1280 1
1 L 3 1664 1
1 L 0 1713 1
1 L 2 1881 1
1 D 0 1664 1
1 D 0 1713 1
1 D 0 1881 1
2 L 0 1896 1
2 D 0 1896 1
3 L 0 183 1
3 L 0 257 1
3 L 0 1055 1
3 D 9 183 1
3 D 9 257 1
3 D 9 1055 1
4 L 2 1073 1
4 L 1 1087 1
4 D 9 1073 1
4 D 9 1087 1
5 L 1 1106 1
5 L 0 1184 1
5 D 9 1106 1
5 D 9 1184 1
6 L 0 1255 1
6 L 0 1719 1
6 L 0 1786 1
6 D 9 1255 1
6 D 9 1719 1
6 D 9 1786 1
7 L 0 1820 1
7 D 9 1820 1
8 L 2 406 1
8 L 0 618 1
8 L 1 688 1
8 L 1 723 1
8 L 0 1034 1
8 L 1 1057 1
8 D 16 406 1
8 D 16 618 1
8 D 16 688 1
8 D 16 723 1
8 D 16 1034 1
8 D 16 1057 1
9 L 1 1160 1
9 L 0 1496 1
9 D 16 1160 1
9 D 16 1496 1
10 L 1 1790 1
10 L 0 1965 1
10 D 16 1790 1
10 D 16 1965 1
11 L 0 301 1
11 L 0 624 1
11 L 0 777 1
11 D 18 301 1
11 D 18 624 1
11 D 18 777 1
12 L 0 829 1
12 D 18 829 1
13 L 1 1217 1
13 L 1 1592 1
13 L 1 1956 1
13 D 18 1217 1
13 D 18 1592 1
13 D 18 1956 1
14 L 1 72 1
14 L 0 204 1
14 L 1 487 1
14 D 95 72 1
14 D 95 204 1
14 D 95 487 1
15 L 0 586 1
15 L 0 703 1
15 L 0 1118 1
15 D 95 586 1
15 D 95 703 1
15 D 95 1118 1
16 L 0 186 1
16 L 0 438 1
16 L 0 532 1
16 D 101 186 1
16 D 101 438 1
16 D 101 532 1
17 L 0 808 1
17 L 0 985 1
17 L 1 1299 1
17 D 101 808 1
17 D 101 985 1
17 D 101 1299 1
18 L 1 1341 1
18 D 101 1341 1
19 L 0 290 1
19 L 0 790 1
19 L 0 1886 1
19 D 105 290 1
19 D 105 790 1
19 D 105 1886 1
20 L 0 1988 1
20 D 105 1988 1
21 L 0 196 1
21 L 0 484 1
21 L 2 979 1
21 D 111 196 1
21 D 111 484 1
21 D 111 979 1
22 L 0 1125 1
22 L 1 1907 1
22 D 111 1125 1
22 D 111 1907 1
23 L 0 288 1
23 L 0 442 1
23 D 147 288 1
23 D 147 442 1
24 L 2 537 1
24 L 0 1256 1
24 D 147 537 1
24 D 147 1256 1
25 L 1 1592 1
25 L 0 1621 1
25 L 1 1769 1
25 L 0 1864 1
25 D 147 1592 1
25 D 147 1621 1
25 D 147 1769 1
25 D 147 1864 1
26 L 1 1961 1
26 D 147 1961 1
27 L 0 852 1
27 L 0 1606 1
27 D 216 852 1
27 D 216 1606 1
28 L 0 145 1
28 L 1 786 1
28 L 0 964 1
28 L 3 1238 1
28 L 0 1240 1
28 D 223 145 1
28 D 223 786 1
28 D 223 964 1
28 D 223 1238 1
28 D 223 1240 1
29 L 0 1283 1
29 L 0 1389 1
29 L 2 1832 1
29 D 223 1283 1
29 D 223 1389 1
29 D 223 1832 1
0 L 2 157 1
0 L 1 218 1
0 L 1 264 1
0 L 0 398 1
0 D 226 157 1
0 D 226 218 1
0 D 226 264 1
0 D 226 398 1
1 L 0 947 1
1 L 0 994 1
1 L 2 1004 1
1 D 226 947 1
1 D 226 994 1
1 D 226 1004 1
2 L 0 1082 1
2 L 0 1295 1
2 D 226 1082 1
2 D 226 1295 1
3 L 0 1529 1
3 L 1 1690 1
3 L 0 1853 1
3 D 226 1529 1
3 D 226 1690 1
3 D 226 1853 1
4 L 0 130 1
4 L 0 221 1
4 D 236 130 1
4 D 236 221 1
5 L 0 638 1
5 L 0 707 1
5 L 1 719 1
5 D 236 638 1
5 D 236 707 1
5 D 236 719 1
6 L 2 1073 1
6 L 0 1157 1
6 L 0 1779 1
6 D 236 1073 1
6 D 236 1157 1
6 D 236 1779 1
7 L 0 1810 1
7 L 0 1967 1
7 D 236 1810 1
7 D 236 1967 1
8 L 0 83 1
8 L 0 118 1
8 L 0 477 1
8 D 238 83 1
8 D 238 118 1
8 D 238 477 1
9 L 0 834 1
9 L 0 899 1
9 L 0 1410 1
9 D 238 834 1
9 D 238 899 1
9 D 238 1410 1
10 L 1 1482 1
10 D 238 1482 1
11 L 0 410 1
11 L 0 1232 1
11 D 242 410 1
11 D 242 1232 1
12 L 0 1323 1
12 L 7 1878 1
12 L 1 1923 1
12 D 242 1323 1
12 D 242 1878 1
12 D 242 1923 1
13 L 0 222 1
13 D 271 222 1
14 L 1 643 1
14 L 0 763 1
14 D 271 643 1
14 D 271 763 1
15 L 1 900 1
15 L 0 1139 1
15 L 0 1316 1
15 D 271 900 1
15 D 271 1139 1
15 D 271 1316 1
16 L 0 1436 1
16 L 0 1437 1
16 D 271 1436 1
16 D 271 1437 1
17 L 0 1559 1
17 L 0 1568 1
17 D 271 1559 1
17 D 271 1568 1
18 L 0 534 1
18 L 1 747 1
18 D 281 534 1
18 D 281 747 1
19 L 0 1108 1
19 L 0 1635 1
19 D 281 1108 1
19 D 281 1635 1
20 L 0 26 1
20 L 0 153 1
20 L 0 1508 1
20 D 323 26 1
20 D 323 153 1
20 D 323 1508 1
21 L 0 19 1
21 L 0 237 1
21 D 331 19 1
21 D 331 237 1
22 L 0 280 1
22 L 0 326 1
22 D 331 280 1
22 D 331 326 1
23 L 0 355 1
23 L 1 788 1
23 D 331 355 1
23 D 331 788 1
24 L 0 834 1
24 L 0 1258 1
24 L 1 1487 1
24 D 331 834 1
24 D 331 1258 1
24 D 331 1487 1
25 L 1 154 1
25 L 0 447 1
25 L 0 658 1
25 L 0 905 1
25 D 346 154 1
25 D 346 447 1
25 D 346 658 1
25 D 346 905 1
26 L 1 922 1
26 L 0 1002 1
26 L 2 1350 1
26 D 346 922 1
26 D 346 1002 1
26 D 346 1350 1
27 L 0 1451 1
27 L 0 1922 1
27 D 346 1451 1
27 D 346 1922 1
28 L 0 1300 1
28 L 2 1691 1
28 L 0 1888 1
28 L 1 1893 1
28 D 363 1300 1
28 D 363 1691 1
28 D 363 1888 1
28 D 363 1893 1
29 L 1 591 1
29 L 1 1836 1
29 D 367 591 1
29 D 367 1836 1
0 L 2 1 1
0 L 1 102 1
0 L 0 183 1
0 L 2 937 1
0 D 369 1 1
0 D 369 102 1
0 D 369 183 1
0 D 369 937 1
1 L 1 1027 1
1 L 0 1054 1
1 D 369 1027 1
1 D 369 1054 1
2 L 0 1186 1
2 L 2 1803 1
2 D 369 1186 1
2 D 369 1803 1
3 L 0 327 1
3 L 0 350 1
3 D 376 327 1
3 D 376 350 1
4 L 0 420 1
4 L 0 468 1
4 L 1 789 1
4 L 1 793 1
4 D 376 420 1
4 D 376 468 1
4 D 376 789 1
4 D 376 793 1
5 L 0 910 1
5 L 0 1221 1
5 D 376 910 1
5 D 376 1221 1
6 L 0 1447 1
6 D 382 1447 1
7 L 0 1776 1
7 D 382 1776 1
8 L 0 1809 1
8 L 0 1830 1
8 D 382 1809 1
8 D 382 1830 1
9 L 3 449 1
9 L 1 587 1
9 L 3 635 1
9 L 2 783 1
9 L 0 869 1
9 D 388 449 1
9 D 388 587 1
9 D 388 635 1
9 D 388 783 1
9 D 388 869 1
10 L 0 886 1
10 L 0 1157 1
10 D 388 886 1
10 D 388 1157 1
11 L 1 1209 1
11 D 388 1209 1
12 L 0 1244 1
12 L 0 1339 1
12 L 2 1400 1
12 D 388 1244 1
12 D 388 1339 1
12 D 388 1400 1
13 L 0 1731 1
13 L 1 1795 1
13 D 388 1731 1
13 D 388 1795 1
14 L 2 600 1
14 L 1 668 1
14 L 0 1002 1
14 D 389 600 1
14 D 389 668 1
14 D 389 1002 1
15 L 0 1370 1
15 D 389 1370 1
16 L 1 54 1
16 L 0 104 1
16 L 2 432 1
16 D 394 54 1
16 D 394 104 1
16 D 394 432 1
17 L 1 499 1
17 L 1 742 1
17 L 0 748 1
17 D 394 499 1
17 D 394 742 1
17 D 394 748 1
18 L 2 942 1
18 L 0 959 1
18 L 0 1049 1
18 L 1 1057 1
18 D 394 942 1
18 D 394 959 1
18 D 394 1049 1
18 D 394 1057 1
19 L 0 1092 1
19 L 1 1554 1
19 L 2 1653 1
19 D 394 1092 1
19 D 394 1554 1
19 D 394 1653 1
20 L 1 1680 1
20 L 2 1703 1
20 L 2 1808 1
20 D 394 1680 1
20 D 394 1703 1
20 D 394 1808 1
21 L 1 1854 1
21 D 394 1854 1
22 L 0 92 1
22 L 1 521 1
22 D 396 92 1
22 D 396 521 1
23 L 1 612 1
23 L 0 1371 1
23 L 0 1449 1
23 D 396 612 1
23 D 396 1371 1
23 D 396 1449 1
24 L 1 1508 1
24 L 1 1617 1
24 L 0 1879 1
24 D 396 1508 1
24 D 396 1617 1
24 D 396 1879 1
25 L 1 83 1
25 L 1 182 1
25 L 1 405 1
25 L 1 730 1
25 D 397 83 1
25 D 397 182 1
25 D 397 405 1
25 D 397 730 1
26 L 1 789 1
26 L 2 1822 1
26 L 0 1871 1
26 D 397 789 1
26 D 397 1822 1
26 D 397 1871 1
27 L 2 195 1
27 L 0 302 1
27 D 420 195 1
27 D 420 302 1
28 L 0 400 1
28 L 0 509 1
28 L 0 624 1
28 D 420 400 1
28 D 420 509 1
28 D 420 624 1
29 L 1 773 1
29 D 420 773 1
0 L 1 1620 1
0 D 420 1620 1
1 L 0 1622 1
1 D 420 1622 1
2 L 1 1677 1
2 D 420 1677 1
3 L 0 1704 1
3 L 0 1809 1
3 D 420 1704 1
3 D 420 1809 1
4 L 0 1277 1
4 L 0 1285 1
4 L 0 1420 1
4 D 425 1277 1
4 D 425 1285 1
4 D 425 1420 1
5 L 0 30 1
5 L 0 58 1
5 D 442 30 1
5 D 442 58 1
6 L 2 1227 1
6 L 1 1897 1
6 D 442 1227 1
6 D 442 1897 1
7 L 0 71 1
7 L 0 153 1
7 D 443 71 1
7 D 443 153 1
8 L 0 1792 1
8 L 0 1884 1
8 D 443 1792 1
8 D 443 1884 1
9 L 1 285 1
9 L 1 437 1
9 D 448 285 1
9 D 448 437 1
10 L 0 802 1
10 L 0 914 1
10 D 448 802 1
10 D 448 914 1
11 L 0 946 1
11 L 0 956 1
11 L 1 1105 1
11 D 448 946 1
11 D 448 956 1
11 D 448 1105 1
12 L 0 1236 1
12 L 1 1357 1
12 D 448 1236 1
12 D 448 1357 1
13 L 0 1818 1
13 L 0 1903 1
13 D 448 1818 1
13 D 448 1903 1
14 L 1 483 1
14 L 0 501 1
14 L 1 528 1
14 D 457 483 1
14 D 457 501 1
14 D 457 528 1
15 L 1 672 1
15 L 1 719 1
15 D 457 672 1
15 D 457 719 1
16 L 1 793 1
16 L 0 959 1
16 L 1 1043 1
16 L 1 1088 1
16 D 457 793 1
16 D 457 959 1
16 D 457 1043 1
16 D 457 1088 1
17 L 0 1144 1
17 L 0 1672 1
17 L 1 1918 1
17 L 0 1977 1
17 D 457 1144 1
17 D 457 1672 1
17 D 457 1918 1
17 D 457 1977 1
18 L 0 413 1
18 L 0 481 1
18 L 0 1490 1
18 L 0 1515 1
18 D 464 413 1
18 D 464 481 1
18 D 464 1490 1
18 D 464 1515 1
19 L 0 220 1
19 L 4 884 1
19 D 486 220 1
19 D 486 884 1
20 L 2 968 1
20 L 0 1852 1
20 D 486 968 1
20 D 486 1852 1
21 L 0 1861 1
21 L 0 1892 1
21 D 486 1861 1
21 D 486 1892 1
22 L 0 92 1
22 L 0 911 1
22 L 0 1220 1
22 D 487 92 1
22 D 487 911 1
22 D 487 1220 1
23 L 1 1950 1
23 D 487 1950 1
24 L 0 242 1
24 L 2 616 1
24 D 515 242 1
24 D 515 616 1
25 L 3 942 1
25 L 0 1049 1
25 L 0 1080 1
25 L 1 1139 1
25 D 515 942 1
25 D 515 1049 1
25 D 515 1080 1
25 D 515 1139 1
26 L 3 1228 1
26 L 0 1290 1
26 L 0 1319 1
26 D 515 1228 1
26 D 515 1290 1
26 D 515 1319 1
27 L 0 1713 1
27 D 515 1713 1
28 L 0 156 1
28 L 2 564 1
28 L 1 608 1
28 L 1 931 1
28 D 533 156 1
28 D 533 564 1
28 D 533 608 1
28 D 533 931 1
29 L 0 1086 1
29 L 0 1116 1
29 L 0 1200 1
29 D 533 1086 1
29 D 533 1116 1
29 D 533 1200 1
0 L 0 1491 1
0 L 1 1637 1
0 D 533 1491 1
0 D 533 1637 1
1 L 0 1736 1
1 L 1 1823 1
1 L 1 1956 1
1 D 533 1736 1
1 D 533 1823 1
1 D 533 1956 1
2 L 0 296 1
2 D 539 296 1
3 L 2 610 1
3 L 0 666 1
3 D 543 610 1
3 D 543 666 1
4 L 1 693 1
4 L 0 911 1
4 D 543 693 1
4 D 543 911 1
5 L 0 1204 1
5 L 1 1424 1
5 L 0 1433 1
5 D 543 1204 1
5 D 543 1424 1
5 D 543 1433 1
6 L 0 1634 1
6 L 0 1887 1
6 D 543 1634 1
6 D 543 1887 1
7 L 2 406 1
7 L 0 422 1
7 L 0 1260 1
7 D 552 406 1
7 D 552 422 1
7 D 552 1260 1
8 L 0 1402 1
8 D 552 1402 1
9 L 0 184 1
9 L 0 185 1
9 L 0 421 1
9 L 0 575 1
9 D 554 184 1
9 D 554 185 1
9 D 554 421 1
9 D 554 575 1
10 L 0 1329 1
10 L 3 1387 1
10 L 3 1812 1
10 L 0 1981 1
10 D 554 1329 1
10 D 554 1387 1
10 D 554 1812 1
10 D 554 1981 1
11 L 1 377 1
11 D 566 377 1
12 L 1 643 1
12 L 0 794 1
12 D 566 643 1
12 D 566 794 1
13 L 0 1177 1
13 L 0 1329 1
13 D 566 1177 1
13 D 566 1329 1
14 L 0 1419 1
14 L 1 1491 1
14 D 566 1419 1
14 D 566 1491 1
15 L 0 1862 1
15 D 566 1862 1
16 L 1 23 1
16 L 0 239 1
16 L 1 730 1
16 D 573 23 1
16 D 573 239 1
16 D 573 730 1
17 L 0 846 1
17 L 2 922 1
17 L 2 934 1
17 D 573 846 1
17 D 573 922 1
17 D 573 934 1
18 L 0 1013 1
18 L 1 1241 1
18 L 1 1554 1
18 D 573 1013 1
18 D 573 1241 1
18 D 573 1554 1
19 L 0 1622 1
19 L 2 1730 1
19 D 573 1622 1
19 D 573 1730 1
20 L 0 16 1
20 L 0 58 1
20 L 1 612 1
20 D 580 16 1
20 D 580 58 1
20 D 580 612 1
21 L 1 618 1
21 L 0 962 1
21 L 0 1034 1
21 L 0 1236 1
21 D 580 618 1
21 D 580 962 1
21 D 580 1034 1
21 D 580 1236 1
22 L 0 1329 1
22 L 2 1342 1
22 D 580 1329 1
22 D 580 1342 1
23 L 0 1390 1
23 L 1 1422 1
23 D 580 1390 1
23 D 580 1422 1
24 L 0 1588 1
24 L 0 1609 1
24 D 580 1588 1
24 D 580 1609 1
25 L 0 1618 1
25 L 0 1948 1
25 D 580 1618 1
25 D 580 1948 1
26 L 0 64 1
26 L 0 269 1
26 D 601 64 1
26 D 601 269 1
27 L 0 628 1
27 L 0 687 1
27 D 601 628 1
27 D 601 687 1
28 L 1 859 1
28 L 0 961 1
28 L 1 1369 1
28 D 601 859 1
28 D 601 961 1
28 D 601 1369 1
29 L 2 1415 1
29 L 0 1657 1
29 L 0 1727 1
29 D 601 1415 1
29 D 601 1657 1
29 D 601 1727 1
0 L 0 259 1
0 L 0 360 1
0 L 2 432 1
0 L 1 1196 1
0 D 617 259 1
0 D 617 360 1
0 D 617 432 1
0 D 617 1196 1
1 L 0 1219 1
1 L 0 1249 1
1 D 617 1219 1
1 D 617 1249 1
2 L 0 1384 1
2 L 1 1556 1
2 D 617 1384 1
2 D 617 1556 1
3 L 0 1584 1
3 L 0 1799 1
3 D 617 1584 1
3 D 617 1799 1
4 L 2 31 1
4 D 618 31 1
5 L 0 127 1
5 D 618 127 1
6 L 0 220 1
6 L 0 486 1
6 D 618 220 1
6 D 618 486 1
7 L 0 644 1
7 L 1 1062 1
7 L 0 1793 1
7 L 0 1883 1
7 D 618 644 1
7 D 618 1062 1
7 D 618 1793 1
7 D 618 1883 1
8 L 0 1159 1
8 L 0 1305 1
8 L 0 1993 1
8 D 625 1159 1
8 D 625 1305 1
8 D 625 1993 1
9 L 0 1270 1
9 L 1 1329 1
9 D 634 1270 1
9 D 634 1329 1
10 L 1 220 1
10 L 0 936 1
10 L 1 1549 1
10 D 642 220 1
10 D 642 936 1
10 D 642 1549 1
11 L 0 1590 1
11 L 0 1875 1
11 D 642 1590 1
11 D 642 1875 1
12 L 0 420 1
12 L 1 437 1
12 L 2 597 1
12 D 656 420 1
12 D 656 437 1
12 D 656 597 1
13 L 1 720 1
13 D 656 720 1
14 L 0 13 1
14 L 0 270 1
14 L 0 355 1
14 D 657 13 1
14 D 657 270 1
14 D 657 355 1
15 L 0 392 1
15 L 0 531 1
15 L 0 560 1
15 L 2 618 1
15 D 657 392 1
15 D 657 531 1
15 D 657 560 1
15 D 657 618 1
16 L 0 660 1
16 L 2 963 1
16 D 657 660 1
16 D 657 963 1
17 L 0 972 1
17 L 0 1148 1
17 D 657 972 1
17 D 657 1148 1
18 L 0 1455 1
18 L 0 1548 1
18 D 657 1455 1
18 D 657 1548 1
19 L 0 1874 1
19 L 3 1893 1
19 L 1 1956 1
19 D 657 1874 1
19 D 657 1893 1
19 D 657 1956 1
20 L 0 34 1
20 L 0 749 1
20 L 1 770 1
20 D 667 34 1
20 D 667 749 1
20 D 667 770 1
21 L 0 1489 1
21 L 1 1821 1
21 D 667 1489 1
21 D 667 1821 1
22 L 0 85 1
22 L 1 283 1
22 L 0 622 1
22 L 3 723 1
22 D 673 85 1
22 D 673 283 1
22 D 673 622 1
22 D 673 723 1
23 L 4 942 1
23 L 0 1751 1
23 L 1 1853 1
23 D 673 942 1
23 D 673 1751 1
23 D 673 1853 1
24 L 0 163 1
24 L 0 526 1
24 D 685 163 1
24 D 685 526 1
25 L 1 1243 1
25 L 1 1526 1
25 L 0 1696 1
25 D 685 1243 1
25 D 685 1526 1
25 D 685 1696 1
26 L 1 1780 1
26 D 685 1780 1
27 L 1 23 1
27 L 4 473 1
27 D 687 23 1
27 D 687 473 1
28 L 0 1407 1
28 D 687 1407 1
29 L 0 184 1
29 L 1 229 1
29 L 0 427 1
29 D 695 184 1
29 D 695 229 1
29 D 695 427 1
0 L 0 774 1
0 D 695 774 1
1 L 0 785 1
1 L 1 820 1
1 L 0 877 1
1 D 695 785 1
1 D 695 820 1
1 D 695 877 1
2 L 0 1250 1
2 L 1 1965 1
2 D 695 1250 1
2 D 695 1965 1
3 L 0 411 1
3 L 0 414 1
3 L 0 765 1
3 L 0 778 1
3 D 706 411 1
3 D 706 414 1
3 D 706 765 1
3 D 706 778 1
4 L 0 1361 1
4 L 2 1833 1
4 L 1 1849 1
4 D 706 1361 1
4 D 706 1833 1
4 D 706 1849 1
5 L 0 41 1
5 L 0 529 1
5 D 708 41 1
5 D 708 529 1
6 L 0 735 1
6 L 0 996 1
6 D 708 735 1
6 D 708 996 1
7 L 0 1704 1
7 D 708 1704 1
8 L 0 639 1
8 L 1 1008 1
8 L 1 1087 1
8 D 734 639 1
8 D 734 1008 1
8 D 734 1087 1
9 L 1 1089 1
9 D 734 1089 1
10 L 0 701 1
10 L 0 1588 1
10 D 740 701 1
10 D 740 1588 1
11 L 0 1786 1
11 L 0 1896 1
11 L 0 1920 1
11 D 740 1786 1
11 D 740 1896 1
11 D 740 1920 1
12 L 1 852 1
12 L 0 1173 1
12 D 745 852 1
12 D 745 1173 1
13 L 1 139 1
13 L 1 216 1
13 L 0 427 1
13 D 747 139 1
13 D 747 216 1
13 D 747 427 1
14 L 0 428 1
14 L 0 1444 1
14 D 747 428 1
14 D 747 1444 1
15 L 1 1867 1
15 D 747 1867 1
16 L 0 429 1
16 L 0 1334 1
16 L 0 1647 1
16 D 748 429 1
16 D 748 1334 1
16 D 748 1647 1
17 L 0 240 1
17 L 0 471 1
17 L 2 760 1
17 D 751 240 1
17 D 751 471 1
17 D 751 760 1
18 L 0 953 1
18 L 0 1138 1
18 L 0 1866 1
18 D 765 953 1
18 D 765 1138 1
18 D 765 1866 1
19 L 2 23 1
19 L 0 164 1
19 L 0 513 1
19 L 0 737 1
19 D 771 23 1
19 D 771 164 1
19 D 771 513 1
19 D 771 737 1
20 L 0 955 1
20 L 0 1016 1
20 D 771 955 1
20 D 771 1016 1
21 L 0 1104 1
21 D 771 1104 1
22 L 0 1137 1
22 L 0 1649 1
22 L 0 1779 1
22 D 771 1137 1
22 D 771 1649 1
22 D 771 1779 1
23 L 0 1781 1
23 L 1 1798 1
23 D 771 1781 1
23 D 771 1798 1
24 L 0 55 1
24 L 1 79 1
24 D 772 55 1
24 D 772 79 1
25 L 0 164 1
25 L 1 298 1
25 D 772 164 1
25 D 772 298 1
26 L 3 537 1
26 L 1 1731 1
26 D 772 537 1
26 D 772 1731 1
27 L 1 184 1
27 L 3 204 1
27 L 0 726 1
27 L 1 775 1
27 D 793 184 1
27 D 793 204 1
27 D 793 726 1
27 D 793 775 1
28 L 1 1164 1
28 L 0 1383 1
28 D 793 1164 1
28 D 793 1383 1
29 L 1 1554 1
29 L 1 1769 1
29 D 793 1554 1
29 D 793 1769 1
0 L 0 1433 1
0 L 0 1455 1
0 L 1 1529 1
0 L 1 1712 1
0 D 794 1433 1
0 D 794 1455 1
0 D 794 1529 1
0 D 794 1712 1
1 L 0 1916 1
1 D 794 1916 1
2 L 1 958 1
2 L 2 1482 1
2 L 2 1945 1
2 D 798 958 1
2 D 798 1482 1
2 D 798 1945 1
3 L 2 157 1
3 L 0 287 1
3 L 1 551 1
3 D 839 157 1
3 D 839 287 1
3 D 839 551 1
4 L 1 671 1
4 D 839 671 1
5 L 3 1065 1
5 L 1 1088 1
5 D 839 1065 1
5 D 839 1088 1
6 L 2 1133 1
6 L 0 1184 1
6 D 839 1133 1
6 D 839 1184 1
7 L 2 1348 1
7 L 0 1596 1
7 D 839 1348 1
7 D 839 1596 1
8 L 1 1677 1
8 D 839 1677 1
9 L 1 283 1
9 L 1 397 1
9 L 0 557 1
9 L 0 810 1
9 D 844 283 1
9 D 844 397 1
9 D 844 557 1
9 D 844 810 1
10 L 1 976 1
10 L 0 1011 1
10 L 1 1028 1
10 D 844 976 1
10 D 844 1011 1
10 D 844 1028 1
11 L 0 1198 1
11 L 1 1500 1
11 D 844 1198 1
11 D 844 1500 1
12 L 0 1545 1
12 D 844 1545 1
13 L 0 1615 1
13 L 0 1688 1
13 L 0 1980 1
13 D 844 1615 1
13 D 844 1688 1
13 D 844 1980 1
14 L 2 31 1
14 L 2 251 1
14 L 0 431 1
14 D 848 31 1
14 D 848 251 1
14 D 848 431 1
15 L 2 490 1
15 L 0 694 1
15 L 0 848 1
15 L 0 1013 1
15 L 0 1125 1
15 D 848 490 1
15 D 848 694 1
15 D 848 848 1
15 D 848 1013 1
15 D 848 1125 1
16 L 1 1195 1
16 L 1 1243 1
16 L 0 1311 1
16 L 1 1706 1
16 D 848 1195 1
16 D 848 1243 1
16 D 848 1311 1
16 D 848 1706 1
17 L 1 19 1
17 D 860 19 1
18 L 1 624 1
18 L 1 761 1
18 D 860 624 1
18 D 860 761 1
19 L 0 1488 1
19 L 0 1504 1
19 D 860 1488 1
19 D 860 1504 1
20 L 0 1634 1
20 D 860 1634 1
21 L 0 52 1
21 L 2 157 1
21 L 5 294 1
21 D 879 52 1
21 D 879 157 1
21 D 879 294 1
22 L 0 401 1
22 L 0 438 1
22 L 0 453 1
22 D 879 401 1
22 D 879 438 1
22 D 879 453 1
23 L 1 481 1
23 L 1 649 1
23 L 1 680 1
23 D 879 481 1
23 D 879 649 1
23 D 879 680 1
24 L 0 801 1
24 L 1 1190 1
24 D 879 801 1
24 D 879 1190 1
25 L 1 1316 1
25 L 0 1531 1
25 L 0 1714 1
25 D 879 1316 1
25 D 879 1531 1
25 D 879 1714 1
26 L 1 93 1
26 D 890 93 1
27 L 0 336 1
27 L 1 666 1
27 D 890 336 1
27 D 890 666 1
28 L 0 1378 1
28 L 1 1433 1
28 D 890 1378 1
28 D 890 1433 1
29 L 0 130 1
29 L 2 491 1
29 L 1 513 1
29 D 894 130 1
29 D 894 491 1
29 D 894 513 1
0 L 0 533 1
0 L 0 553 1
0 D 894 533 1
0 D 894 553 1
1 L 0 739 1
1 L 2 811 1
1 D 894 739 1
1 D 894 811 1
2 L 1 816 1
2 L 1 1097 1
2 D 894 816 1
2 D 894 1097 1
3 L 0 1419 1
3 L 0 1434 1
3 D 894 1419 1
3 D 894 1434 1
4 L 0 1681 1
4 L 0 1898 1
4 L 1 1936 1
4 D 894 1681 1
4 D 894 1898 1
4 D 894 1936 1
5 L 0 164 1
5 L 0 977 1
5 D 897 164 1
5 D 897 977 1
6 L 0 1289 1
6 D 897 1289 1
7 L 1 129 1
7 L 0 221 1
7 L 2 594 1
7 D 900 129 1
7 D 900 221 1
7 D 900 594 1
8 L 0 872 1
8 L 0 926 1
8 L 0 956 1
8 D 900 872 1
8 D 900 926 1
8 D 900 956 1
9 L 0 1054 1
9 L 1 1241 1
9 L 1 1261 1
9 L 1 1563 1
9 D 900 1054 1
9 D 900 1241 1
9 D 900 1261 1
9 D 900 1563 1
10 L 0 1586 1
10 L 1 1905 1
10 D 900 1586 1
10 D 900 1905 1
11 L 0 66 1
11 L 2 193 1
11 L 0 342 1
11 D 903 66 1
11 D 903 193 1
11 D 903 342 1
12 L 1 624 1
12 L 0 692 1
12 L 1 786 1
12 D 903 624 1
12 D 903 692 1
12 D 903 786 1
13 L 0 796 1
13 L 0 917 1
13 D 903 796 1
13 D 903 917 1
14 L 2 922 1
14 L 1 962 1
14 D 903 922 1
14 D 903 962 1
15 L 0 1496 1
15 L 0 1647 1
15 L 1 1860 1
15 D 903 1496 1
15 D 903 1647 1
15 D 903 1860 1
16 L 0 75 1
16 L 1 105 1
16 D 909 75 1
16 D 909 105 1
17 L 1 186 1
17 L 0 287 1
17 L 1 975 1
17 D 909 186 1
17 D 909 287 1
17 D 909 975 1
18 L 0 520 1
18 L 2 594 1
18 L 1 696 1
18 D 913 520 1
18 D 913 594 1
18 D 913 696 1
19 L 0 1042 1
19 D 913 1042 1
20 L 0 1355 1
20 D 934 1355 1
21 L 1 370 1
21 L 0 1449 1
21 L 2 1853 1
21 D 941 370 1
21 D 941 1449 1
21 D 941 1853 1
22 L 1 931 1
22 L 4 942 1
22 L 2 1056 1
22 L 0 1086 1
22 L 0 1207 1
22 L 0 1425 1
22 D 964 931 1
22 D 964 942 1
22 D 964 1056 1
22 D 964 1086 1
22 D 964 1207 1
22 D 964 1425 1
23 L 0 1559 1
23 L 0 1628 1
23 L 0 1715 1
23 L 0 1987 1
23 D 964 1559 1
23 D 964 1628 1
23 D 964 1715 1
23 D 964 1987 1
24 L 0 111 1
24 L 0 439 1
24 L 2 880 1
24 D 970 111 1
24 D 970 439 1
24 D 970 880 1
25 L 1 921 1
25 L 3 968 1
25 D 970 921 1
25 D 970 968 1
26 L 0 1200 1
26 L 1 1549 1
26 D 970 1200 1
26 D 970 1549 1
27 L 1 1727 1
27 L 0 1990 1
27 D 970 1727 1
27 D 970 1990 1
28 L 0 412 1
28 L 0 1638 1
28 L 0 1888 1
28 D 984 412 1
28 D 984 1638 1
28 D 984 1888 1
29 L 0 90 1
29 L 1 114 1
29 L 1 136 1
29 D 986 90 1
29 D 986 114 1
29 D 986 136 1
0 L 0 276 1
0 L 1 799 1
0 L 1 892 1
0 D 986 276 1
0 D 986 799 1
0 D 986 892 1
1 L 0 1072 1
1 L 1 1241 1
1 L 0 1759 1
1 D 986 1072 1
1 D 986 1241 1
1 D 986 1759 1
2 L 0 1909 1
2 D 986 1909 1
3 L 1 126 1
3 L 0 452 1
3 L 0 538 1
3 L 1 591 1
3 D 995 126 1
3 D 995 452 1
3 D 995 538 1
3 D 995 591 1
4 L 0 1304 1
4 L 0 1309 1
4 D 995 1304 1
4 D 995 1309 1
5 L 1 971 1
5 D 996 971 1
